2026-05-29 10:11:14,329 [INFO] Activator:176 - 


2026-05-29 10:11:14,345 [INFO] Activator:177 - !SESSION log4j initialized
2026-05-29 10:11:23,876 [INFO] LogOutputStream:77 - [STDOUT_REDIRECT] 
2026-05-29 10:11:26,365 [INFO] ApplicationProperties:184 - Using Application install path: D:\My_user\STM32CubeIDE_1.19.0\STM32CubeIDE\plugins\com.st.stm32cube.common.mx_6.15.0.202507011659
2026-05-29 10:11:26,404 [INFO] DbMcusXml:78 - Set database path to: D:\My_user\STM32CubeIDE_1.19.0\STM32CubeIDE\plugins\com.st.stm32cube.common.mx_6.15.0.202507011659\\db\/mcu/
2026-05-29 10:11:26,404 [INFO] ApiDb:274 - Set plugin database path to: D:\My_user\STM32CubeIDE_1.19.0\STM32CubeIDE\plugins\com.st.stm32cube.common.mx_6.15.0.202507011659\\db\/plugins/boardmanager/
2026-05-29 10:11:26,405 [WARN] ApiDb:259 - Overriding images path with different value:  => D:\My_user\STM32CubeIDE_1.19.0\STM32CubeIDE\plugins\com.st.stm32cube.common.mx_6.15.0.202507011659\\db\/plugins/mcufinder/images/
2026-05-29 10:11:26,428 [INFO] ApiDb:250 - Set database path to: C:\Users\User\.stmcufinder\plugins\mcufinder//mcu/
2026-05-29 10:11:26,431 [INFO] DbMcusAds:125 - Set database path to: C:\Users\User\.stmcufinder\plugins\mcufinder//mcu/
2026-05-29 10:11:26,436 [INFO] CrossReferenceDbSqlite:203 - Set database path to: C:\Users\User\.stmcufinder\plugins\mcufinder//mcu/cs/
2026-05-29 10:11:26,660 [INFO] RulesReader:64 - Compatibility file has been processed (317 Rules)
2026-05-29 10:11:26,833 [INFO] DbMcusXml:78 - Set database path to: D:\My_user\STM32CubeIDE_1.19.0\STM32CubeIDE\plugins\com.st.stm32cube.common.mx_6.15.0.202507011659\\db\/mcu/
2026-05-29 10:11:26,834 [INFO] ApiDb:274 - Set plugin database path to: D:\My_user\STM32CubeIDE_1.19.0\STM32CubeIDE\plugins\com.st.stm32cube.common.mx_6.15.0.202507011659\\db\/plugins/boardmanager/
2026-05-29 10:11:26,834 [INFO] ApiDb:261 - Set plugin images path to: D:\My_user\STM32CubeIDE_1.19.0\STM32CubeIDE\plugins\com.st.stm32cube.common.mx_6.15.0.202507011659\\db\/plugins/mcufinder/images/
2026-05-29 10:11:26,834 [WARN] DbFile:41 - Overriding database path with different value: C:\Users\User\.stmcufinder\plugins\mcufinder/ => C:\Users\User\.stmcufinder\plugins\mcufinder
2026-05-29 10:11:26,834 [INFO] ApiDb:250 - Set database path to: C:\Users\User\.stmcufinder\plugins\mcufinder//mcu/
2026-05-29 10:11:26,835 [WARN] DbFile:41 - Overriding database path with different value: C:\Users\User\.stmcufinder\plugins\mcufinder/ => C:\Users\User\.stmcufinder\plugins\mcufinder
2026-05-29 10:11:26,835 [INFO] DbMcusAds:125 - Set database path to: C:\Users\User\.stmcufinder\plugins\mcufinder//mcu/
2026-05-29 10:11:26,835 [WARN] DbFile:41 - Overriding database path with different value: C:\Users\User\.stmcufinder\plugins\mcufinder/ => C:\Users\User\.stmcufinder\plugins\mcufinder
2026-05-29 10:11:26,835 [WARN] DbFile:41 - Overriding database path with different value: C:\Users\User\.stmcufinder\plugins\mcufinder/ => C:\Users\User\.stmcufinder\plugins\mcufinder
2026-05-29 10:11:26,835 [INFO] CrossReferenceDbSqlite:203 - Set database path to: C:\Users\User\.stmcufinder\plugins\mcufinder//mcu/cs/
2026-05-29 10:11:26,994 [INFO] MainPanel:274 - HeapMemory: 268435456
2026-05-29 10:11:27,220 [INFO] DbMcusXml:78 - Set database path to: D:\My_user\STM32CubeIDE_1.19.0\STM32CubeIDE\plugins\com.st.stm32cube.common.mx_6.15.0.202507011659\\db\/mcu/
2026-05-29 10:11:27,221 [INFO] ApiDb:274 - Set plugin database path to: D:\My_user\STM32CubeIDE_1.19.0\STM32CubeIDE\plugins\com.st.stm32cube.common.mx_6.15.0.202507011659\\db\/plugins/boardmanager/
2026-05-29 10:11:27,221 [INFO] ApiDb:261 - Set plugin images path to: D:\My_user\STM32CubeIDE_1.19.0\STM32CubeIDE\plugins\com.st.stm32cube.common.mx_6.15.0.202507011659\\db\/plugins/mcufinder/images/
2026-05-29 10:11:27,222 [WARN] DbFile:41 - Overriding database path with different value: C:\Users\User\.stmcufinder\plugins\mcufinder/ => C:\Users\User\.stmcufinder\plugins\mcufinder
2026-05-29 10:11:27,222 [INFO] ApiDb:250 - Set database path to: C:\Users\User\.stmcufinder\plugins\mcufinder//mcu/
2026-05-29 10:11:27,222 [WARN] DbFile:41 - Overriding database path with different value: C:\Users\User\.stmcufinder\plugins\mcufinder/ => C:\Users\User\.stmcufinder\plugins\mcufinder
2026-05-29 10:11:27,222 [INFO] DbMcusAds:125 - Set database path to: C:\Users\User\.stmcufinder\plugins\mcufinder//mcu/
2026-05-29 10:11:27,223 [WARN] DbFile:41 - Overriding database path with different value: C:\Users\User\.stmcufinder\plugins\mcufinder/ => C:\Users\User\.stmcufinder\plugins\mcufinder
2026-05-29 10:11:27,223 [WARN] DbFile:41 - Overriding database path with different value: C:\Users\User\.stmcufinder\plugins\mcufinder/ => C:\Users\User\.stmcufinder\plugins\mcufinder
2026-05-29 10:11:27,223 [INFO] CrossReferenceDbSqlite:203 - Set database path to: C:\Users\User\.stmcufinder\plugins\mcufinder//mcu/cs/
2026-05-29 10:11:27,258 [INFO] ApplicationProperties:184 - Using Application install path: D:\My_user\STM32CubeIDE_1.19.0\STM32CubeIDE\plugins\com.st.stm32cube.common.mx_6.15.0.202507011659
2026-05-29 10:11:27,262 [INFO] PluginManage:196 - Search for loadable plugins [exclusion list=, ]
2026-05-29 10:11:27,266 [INFO] PluginManage:310 - Check plugin analytics
2026-05-29 10:11:27,678 [INFO] AnalyticsPlugin:253 - Accepted Software Licenses: 
2026-05-29 10:11:27,678 [INFO] AnalyticsPlugin:255 - Accepted CMSIS Pack Licenses: 
2026-05-29 10:11:27,679 [INFO] AnalyticsPlugin:257 - Accepted Firmware Licenses: FW.L4.1.18.0
2026-05-29 10:11:27,685 [INFO] PluginManage:359 - Loaded plugin analytics (category:tool,tabindex:-1)
2026-05-29 10:11:27,686 [INFO] PluginManage:310 - Check plugin cadmodel
2026-05-29 10:11:27,696 [INFO] CADModel:105 - Init CAD model plugin
2026-05-29 10:11:27,697 [INFO] PluginManage:359 - Loaded plugin cadmodel (category:power,tabindex:5)
2026-05-29 10:11:27,697 [INFO] PluginManage:310 - Check plugin clock
2026-05-29 10:11:27,741 [INFO] PluginManage:359 - Loaded plugin clock (category:base,tabindex:2)
2026-05-29 10:11:27,742 [INFO] PluginManage:310 - Check plugin ddr
2026-05-29 10:11:27,753 [INFO] PluginManage:359 - Loaded plugin ddr (category:tool,tabindex:6)
2026-05-29 10:11:27,754 [INFO] PluginManage:310 - Check plugin filemanager
2026-05-29 10:11:28,100 [INFO] PluginManage:359 - Loaded plugin filemanager (category:base,tabindex:10)
2026-05-29 10:11:28,100 [INFO] PluginManage:310 - Check plugin ipmanager
2026-05-29 10:11:28,117 [INFO] PluginManage:359 - Loaded plugin ipmanager (category:base,tabindex:5)
2026-05-29 10:11:28,117 [INFO] PluginManage:310 - Check plugin lpbam
2026-05-29 10:11:28,138 [INFO] PluginManage:359 - Loaded plugin lpbam (category:base,tabindex:0)
2026-05-29 10:11:28,138 [INFO] PluginManage:310 - Check plugin memorymap
2026-05-29 10:11:28,171 [INFO] PluginManage:359 - Loaded plugin memorymap (category:base,tabindex:4)
2026-05-29 10:11:28,172 [INFO] PluginManage:310 - Check plugin pinoutandconfiguration
2026-05-29 10:11:28,190 [INFO] PluginManage:359 - Loaded plugin pinoutandconfiguration (category:base,tabindex:1)
2026-05-29 10:11:28,190 [INFO] PluginManage:310 - Check plugin pinoutconfig
2026-05-29 10:11:28,375 [WARN] SupportedApi:132 - Cannot load RTOS API schema: s4s-elt-must-match.1: The content of 'definitions' must match (annotation?, (simpleType | complexType)?, (unique | key | keyref)*)). A problem was found starting at: attribute.
2026-05-29 10:11:28,656 [INFO] PluginManage:359 - Loaded plugin pinoutconfig (category:base,tabindex:0)
2026-05-29 10:11:28,657 [INFO] PluginManage:310 - Check plugin power
2026-05-29 10:11:28,673 [INFO] PluginManage:359 - Loaded plugin power (category:power,tabindex:4)
2026-05-29 10:11:28,673 [INFO] PluginManage:310 - Check plugin projectmanager
2026-05-29 10:11:28,701 [INFO] PluginManage:359 - Loaded plugin projectmanager (category:projectmanager,tabindex:4)
2026-05-29 10:11:28,702 [INFO] PluginManage:310 - Check plugin rif
2026-05-29 10:11:28,721 [INFO] PluginManage:359 - Loaded plugin rif (category:base,tabindex:3)
2026-05-29 10:11:28,722 [INFO] PluginManage:310 - Check plugin thirdparty
2026-05-29 10:11:28,978 [INFO] PluginManage:359 - Loaded plugin thirdparty (category:base,tabindex:-1)
2026-05-29 10:11:28,978 [WARN] IntegrityCheckThread:84 - waiting for thirdparty lock release [integrity check]
2026-05-29 10:11:28,979 [INFO] IntegrityCheckThread:86 - entering critical section [integrity check]
2026-05-29 10:11:28,979 [INFO] PluginManage:310 - Check plugin tools
2026-05-29 10:11:28,980 [INFO] ThirdPartyUpdaterWithRetryManager:70 - Updater plugin not ready yet. [1/15]
2026-05-29 10:11:28,985 [INFO] PluginManage:359 - Loaded plugin tools (category:base,tabindex:7)
2026-05-29 10:11:28,985 [INFO] PluginManage:310 - Check plugin tutovideos
2026-05-29 10:11:29,431 [INFO] PluginManage:359 - Loaded plugin tutovideos (category:base,tabindex:-1)
2026-05-29 10:11:29,431 [INFO] PluginManage:310 - Check plugin updater
2026-05-29 10:11:29,468 [INFO] PluginManage:359 - Loaded plugin updater (category:base,tabindex:12)
2026-05-29 10:11:29,468 [INFO] PluginManage:310 - Check plugin userauth
2026-05-29 10:11:29,477 [INFO] UserAuth:118 - Init User Auth plugin
2026-05-29 10:11:29,479 [INFO] PluginManage:359 - Loaded plugin userauth (category:base,tabindex:14)
2026-05-29 10:11:29,480 [INFO] PluginManage:283 - PluginManage : Loaded plugins [18]
2026-05-29 10:11:29,921 [INFO] PinOutPanel:1589 - setPackage(No Configuration,No Configuration)
2026-05-29 10:11:30,074 [INFO] CADModel:165 - CPN selected for project level
2026-05-29 10:11:30,074 [INFO] CADModel:114 - Register for checkConnection events
2026-05-29 10:11:30,124 [INFO] IPUIPlugin:80 - create IPUIPlugin
2026-05-29 10:11:30,124 [INFO] PluginManager:220 - loadIPPluginJar : add adc
2026-05-29 10:11:30,129 [INFO] IPUIPlugin:80 - create IPUIPlugin
2026-05-29 10:11:30,129 [INFO] PluginManager:220 - loadIPPluginJar : add aes
2026-05-29 10:11:30,135 [INFO] IPUIPlugin:80 - create IPUIPlugin
2026-05-29 10:11:30,135 [INFO] PluginManager:220 - loadIPPluginJar : add can
2026-05-29 10:11:30,139 [INFO] IPUIPlugin:80 - create IPUIPlugin
2026-05-29 10:11:30,139 [INFO] PluginManager:220 - loadIPPluginJar : add comp
2026-05-29 10:11:30,144 [INFO] IPUIPlugin:80 - create IPUIPlugin
2026-05-29 10:11:30,144 [INFO] PluginManager:220 - loadIPPluginJar : add cryp
2026-05-29 10:11:30,150 [INFO] IPUIPlugin:80 - create IPUIPlugin
2026-05-29 10:11:30,150 [INFO] PluginManager:220 - loadIPPluginJar : add ddr_ctrl_phy
2026-05-29 10:11:30,155 [INFO] IPUIPlugin:80 - create IPUIPlugin
2026-05-29 10:11:30,156 [INFO] PluginManager:220 - loadIPPluginJar : add dfsdm
2026-05-29 10:11:30,166 [INFO] IPUIPlugin:80 - create IPUIPlugin
2026-05-29 10:11:30,167 [INFO] PluginManager:220 - loadIPPluginJar : add dma
2026-05-29 10:11:30,172 [INFO] IPUIPlugin:80 - create IPUIPlugin
2026-05-29 10:11:30,172 [INFO] PluginManager:220 - loadIPPluginJar : add dma3
2026-05-29 10:11:30,177 [INFO] IPUIPlugin:80 - create IPUIPlugin
2026-05-29 10:11:30,177 [INFO] PluginManager:220 - loadIPPluginJar : add extmemmanager
2026-05-29 10:11:30,180 [INFO] IPUIPlugin:80 - create IPUIPlugin
2026-05-29 10:11:30,180 [INFO] PluginManager:220 - loadIPPluginJar : add fatfs
2026-05-29 10:11:30,187 [INFO] IPUIPlugin:80 - create IPUIPlugin
2026-05-29 10:11:30,187 [INFO] PluginManager:220 - loadIPPluginJar : add fmc
2026-05-29 10:11:30,198 [INFO] IPUIPlugin:80 - create IPUIPlugin
2026-05-29 10:11:30,198 [INFO] PluginManager:220 - loadIPPluginJar : add freertos
2026-05-29 10:11:30,201 [INFO] IPUIPlugin:80 - create IPUIPlugin
2026-05-29 10:11:30,201 [INFO] PluginManager:220 - loadIPPluginJar : add genericplugin
2026-05-29 10:11:30,205 [INFO] IPUIPlugin:80 - create IPUIPlugin
2026-05-29 10:11:30,205 [INFO] PluginManager:220 - loadIPPluginJar : add gfxmmu
2026-05-29 10:11:30,214 [INFO] IPUIPlugin:80 - create IPUIPlugin
2026-05-29 10:11:30,214 [INFO] PluginManager:220 - loadIPPluginJar : add gic
2026-05-29 10:11:30,223 [INFO] IPUIPlugin:80 - create IPUIPlugin
2026-05-29 10:11:30,223 [INFO] PluginManager:220 - loadIPPluginJar : add gpio
2026-05-29 10:11:30,228 [INFO] IPUIPlugin:80 - create IPUIPlugin
2026-05-29 10:11:30,229 [INFO] PluginManager:220 - loadIPPluginJar : add gtzc
2026-05-29 10:11:30,233 [INFO] IPUIPlugin:80 - create IPUIPlugin
2026-05-29 10:11:30,233 [INFO] PluginManager:220 - loadIPPluginJar : add hash
2026-05-29 10:11:30,239 [INFO] IPUIPlugin:80 - create IPUIPlugin
2026-05-29 10:11:30,239 [INFO] PluginManager:220 - loadIPPluginJar : add i2c
2026-05-29 10:11:30,245 [INFO] IPUIPlugin:80 - create IPUIPlugin
2026-05-29 10:11:30,246 [INFO] PluginManager:220 - loadIPPluginJar : add i2s
2026-05-29 10:11:30,251 [INFO] IPUIPlugin:80 - create IPUIPlugin
2026-05-29 10:11:30,252 [INFO] PluginManager:220 - loadIPPluginJar : add i3c
2026-05-29 10:11:30,257 [INFO] IPUIPlugin:80 - create IPUIPlugin
2026-05-29 10:11:30,258 [INFO] PluginManager:220 - loadIPPluginJar : add ipddr
2026-05-29 10:11:30,271 [INFO] IPUIPlugin:80 - create IPUIPlugin
2026-05-29 10:11:30,272 [INFO] PluginManager:220 - loadIPPluginJar : add linkedlist
2026-05-29 10:11:30,278 [INFO] IPUIPlugin:80 - create IPUIPlugin
2026-05-29 10:11:30,278 [INFO] PluginManager:220 - loadIPPluginJar : add lorawan
2026-05-29 10:11:30,281 [INFO] IPUIPlugin:80 - create IPUIPlugin
2026-05-29 10:11:30,281 [INFO] PluginManager:220 - loadIPPluginJar : add ltdc
2026-05-29 10:11:30,290 [INFO] IPUIPlugin:80 - create IPUIPlugin
2026-05-29 10:11:30,290 [INFO] PluginManager:220 - loadIPPluginJar : add mdma
2026-05-29 10:11:30,297 [INFO] IPUIPlugin:80 - create IPUIPlugin
2026-05-29 10:11:30,298 [INFO] PluginManager:220 - loadIPPluginJar : add nvic
2026-05-29 10:11:30,304 [INFO] IPUIPlugin:80 - create IPUIPlugin
2026-05-29 10:11:30,304 [INFO] PluginManager:220 - loadIPPluginJar : add opamp
2026-05-29 10:11:30,311 [INFO] IPUIPlugin:80 - create IPUIPlugin
2026-05-29 10:11:30,312 [INFO] PluginManager:220 - loadIPPluginJar : add openamp
2026-05-29 10:11:30,318 [INFO] IPUIPlugin:80 - create IPUIPlugin
2026-05-29 10:11:30,319 [INFO] PluginManager:220 - loadIPPluginJar : add pdm2pcm
2026-05-29 10:11:30,333 [INFO] IPUIPlugin:80 - create IPUIPlugin
2026-05-29 10:11:30,338 [INFO] PluginManager:220 - loadIPPluginJar : add plateformsettings
2026-05-29 10:11:30,342 [INFO] IPUIPlugin:80 - create IPUIPlugin
2026-05-29 10:11:30,342 [INFO] PluginManager:220 - loadIPPluginJar : add quadspi
2026-05-29 10:11:30,346 [INFO] IPUIPlugin:80 - create IPUIPlugin
2026-05-29 10:11:30,347 [INFO] PluginManager:220 - loadIPPluginJar : add radio
2026-05-29 10:11:30,354 [INFO] IPUIPlugin:80 - create IPUIPlugin
2026-05-29 10:11:30,354 [INFO] PluginManager:220 - loadIPPluginJar : add resmgrutility
2026-05-29 10:11:30,360 [INFO] IPUIPlugin:80 - create IPUIPlugin
2026-05-29 10:11:30,361 [INFO] PluginManager:220 - loadIPPluginJar : add sai
2026-05-29 10:11:30,366 [INFO] IPUIPlugin:80 - create IPUIPlugin
2026-05-29 10:11:30,366 [INFO] PluginManager:220 - loadIPPluginJar : add spi
2026-05-29 10:11:30,378 [INFO] IPUIPlugin:80 - create IPUIPlugin
2026-05-29 10:11:30,378 [INFO] PluginManager:220 - loadIPPluginJar : add stm32_wpan
2026-05-29 10:11:30,382 [INFO] IPUIPlugin:80 - create IPUIPlugin
2026-05-29 10:11:30,383 [INFO] PluginManager:220 - loadIPPluginJar : add tim
2026-05-29 10:11:30,389 [INFO] IPUIPlugin:80 - create IPUIPlugin
2026-05-29 10:11:30,390 [INFO] PluginManager:220 - loadIPPluginJar : add touchsensing
2026-05-29 10:11:30,395 [INFO] IPUIPlugin:80 - create IPUIPlugin
2026-05-29 10:11:30,395 [INFO] PluginManager:220 - loadIPPluginJar : add tracer_emb
2026-05-29 10:11:30,400 [INFO] IPUIPlugin:80 - create IPUIPlugin
2026-05-29 10:11:30,400 [INFO] PluginManager:220 - loadIPPluginJar : add ts
2026-05-29 10:11:30,404 [INFO] IPUIPlugin:80 - create IPUIPlugin
2026-05-29 10:11:30,404 [INFO] PluginManager:220 - loadIPPluginJar : add tsc
2026-05-29 10:11:30,409 [INFO] IPUIPlugin:80 - create IPUIPlugin
2026-05-29 10:11:30,410 [INFO] PluginManager:220 - loadIPPluginJar : add ucpd
2026-05-29 10:11:30,415 [INFO] IPUIPlugin:80 - create IPUIPlugin
2026-05-29 10:11:30,415 [INFO] PluginManager:220 - loadIPPluginJar : add usart
2026-05-29 10:11:30,422 [INFO] IPUIPlugin:80 - create IPUIPlugin
2026-05-29 10:11:30,423 [INFO] PluginManager:220 - loadIPPluginJar : add usbx
2026-05-29 10:11:30,588 [FATAL] Updater:351 - Updater called before beeing initialized
2026-05-29 10:11:30,634 [INFO] RulesReader:64 - Compatibility file has been processed (317 Rules)
2026-05-29 10:11:30,650 [INFO] RulesReader:64 - Compatibility file has been processed (317 Rules)
2026-05-29 10:11:30,663 [INFO] CADModel:165 - CPN selected for project level
2026-05-29 10:11:30,664 [INFO] CADModel:114 - Register for checkConnection events
2026-05-29 10:11:30,664 [FATAL] Updater:351 - Updater called before beeing initialized
2026-05-29 10:11:30,664 [ERROR] CADModel:125 - Updater not yet initialized, retry later 
2026-05-29 10:11:30,918 [FATAL] Updater:351 - Updater called before beeing initialized
2026-05-29 10:11:30,923 [INFO] CADModel:165 - CPN selected for project level
2026-05-29 10:11:30,923 [INFO] CADModel:114 - Register for checkConnection events
2026-05-29 10:11:30,923 [FATAL] Updater:351 - Updater called before beeing initialized
2026-05-29 10:11:30,923 [ERROR] CADModel:125 - Updater not yet initialized, retry later 
2026-05-29 10:11:30,930 [FATAL] Updater:351 - Updater called before beeing initialized
2026-05-29 10:11:31,149 [FATAL] Updater:351 - Updater called before beeing initialized
2026-05-29 10:11:31,159 [INFO] DbMcusAds:53 - JSON generation date=Mon Apr 27 13:44:29 IST 2026 (1777277669924)
2026-05-29 10:11:31,159 [FATAL] Updater:351 - Updater called before beeing initialized
2026-05-29 10:11:31,218 [WARN] DetailPanel:346 - Failed to get advertising image, set to default
2026-05-29 10:11:31,361 [FATAL] Updater:351 - Updater called before beeing initialized
2026-05-29 10:11:31,364 [FATAL] Updater:351 - Updater called before beeing initialized
2026-05-29 10:11:31,365 [FATAL] Updater:351 - Updater called before beeing initialized
2026-05-29 10:11:31,365 [WARN] DetailPanel:346 - Failed to get advertising image, set to default
2026-05-29 10:11:31,366 [FATAL] Updater:351 - Updater called before beeing initialized
2026-05-29 10:11:31,453 [ERROR] Updater:1198 - MainUpdater not yet initialized. External WinMGr cannot be set.
2026-05-29 10:11:31,455 [INFO] Updater:1134 - Updater Version found : 6.15.0
2026-05-29 10:11:31,486 [INFO] ApplicationProperties:184 - Using Application install path: D:\My_user\STM32CubeIDE_1.19.0\STM32CubeIDE\plugins\com.st.stm32cube.common.mx_6.15.0.202507011659
2026-05-29 10:11:31,980 [INFO] ThirdPartyUpdaterWithRetryManager:70 - Updater plugin not ready yet. [2/15]
2026-05-29 10:11:32,460 [INFO] MainUpdater:2872 - connection check result : 10
2026-05-29 10:11:32,461 [INFO] MainUpdater:3604 - Updater definition file requires update
2026-05-29 10:11:32,462 [INFO] MainUpdater:289 - Updater Check For Update Now.
2026-05-29 10:11:32,463 [INFO] MicroXplorer:498 - Change Database Version : DB.6.0.150
2026-05-29 10:11:32,471 [INFO] McuFinderGlobals:63 - Set McuFinder mode to 2 (CubeIDE integrated)
2026-05-29 10:11:32,472 [INFO] UserAuth:171 - activating auth plugin
2026-05-29 10:11:32,478 [INFO] UserAuth:487 - Internet connection configuration mode: 1
2026-05-29 10:11:32,512 [INFO] JxBrowserEngine:152 - Initiate JxBrowser Engine with user profile folder
2026-05-29 10:11:32,545 [INFO] ServerAccessManage:452 - Complete download http(s) 200
2026-05-29 10:11:32,547 [INFO] ServerAccessManage:509 - Download File updaters.zip
2026-05-29 10:11:33,283 [INFO] FileExtend:248 - Unzip File : updaters.zip
2026-05-29 10:11:33,283 [INFO] FileExtend:263 - Standard Zip Deflate
2026-05-29 10:11:34,362 [INFO] ServerAccessManage:452 - Complete download http(s) 200
2026-05-29 10:11:34,362 [INFO] ServerAccessManage:509 - Download File PacksControlFlags.xml
2026-05-29 10:11:34,539 [INFO] ServerAccessManage:452 - Complete download http(s) 200
2026-05-29 10:11:34,540 [INFO] ServerAccessManage:509 - Download File cubemx.pidx
2026-05-29 10:11:34,603 [INFO] WebApp:169 - Instantiating new browser for Auth
2026-05-29 10:11:34,721 [INFO] LoadServerUpdatesThread:375 - End of LoadServerUpdate Thread
2026-05-29 10:11:34,918 [INFO] CheckServerUpdateThread:120 - End of CheckServer Thread
2026-05-29 10:11:35,498 [WARN] PackLoader:240 - Cannot read IP mode file for STMicroelectronics.X-CUBE-AZRTOS-H7.3.5.0
2026-05-29 10:11:35,518 [WARN] PackLoader:240 - Cannot read IP mode file for STMicroelectronics.FP-ATR-ASTRA1.2.0.2
2026-05-29 10:11:35,533 [WARN] PackLoader:240 - Cannot read IP mode file for STMicroelectronics.X-CUBE-SMBUS.2.1.0
2026-05-29 10:11:35,567 [WARN] PackLoader:240 - Cannot read IP mode file for STMicroelectronics.X-CUBE-AZRTOS-F7.1.1.0
2026-05-29 10:11:35,580 [WARN] PackLoader:240 - Cannot read IP mode file for STMicroelectronics.FP-SNS-MOTENV1.5.1.0
2026-05-29 10:11:35,599 [WARN] PackLoader:240 - Cannot read IP mode file for WES.I-CUBE-Cesium.1.4.0
2026-05-29 10:11:35,613 [WARN] PackLoader:240 - Cannot read IP mode file for STMicroelectronics.X-CUBE-DISPLAY.3.0.0
2026-05-29 10:11:35,636 [WARN] PackLoader:240 - Cannot read IP mode file for STMicroelectronics.X-CUBE-GNSS1.7.1.1
2026-05-29 10:11:35,647 [WARN] PackLoader:240 - Cannot read IP mode file for STMicroelectronics.FP-SNS-MOTENVWB1.1.5.0
2026-05-29 10:11:35,657 [WARN] PackLoader:240 - Cannot read IP mode file for wolfSSL.I-CUBE-wolfSSL.5.9.1
2026-05-29 10:11:35,669 [WARN] PackLoader:240 - Cannot read IP mode file for STMicroelectronics.X-CUBE-NFC10.1.0.0
2026-05-29 10:11:35,680 [WARN] PackLoader:240 - Cannot read IP mode file for STMicroelectronics.X-CUBE-ST60.1.1.0
2026-05-29 10:11:35,692 [WARN] PackLoader:240 - Cannot read IP mode file for emotas.I-CUBE-CANOPEN.1.3.0
2026-05-29 10:11:35,705 [WARN] PackLoader:240 - Cannot read IP mode file for STMicroelectronics.FP-SNS-STBOX1.2.1.0
2026-05-29 10:11:35,717 [WARN] PackLoader:240 - Cannot read IP mode file for STMicroelectronics.FP-SNS-SMARTAG2.1.2.0
2026-05-29 10:11:35,725 [WARN] PackLoader:240 - Cannot read IP mode file for STMicroelectronics.FP-SNS-FLIGHT1.5.1.0
2026-05-29 10:11:35,740 [INFO] LogOutputStream:77 - [STDOUT_REDIRECT] 1 : Invalid condition id : UX_CORESTACK_Condition cause : null
2026-05-29 10:11:35,741 [INFO] LogOutputStream:77 - [STDOUT_REDIRECT] 1 : Invalid condition id : UX_CORESTACK_Condition cause : null
2026-05-29 10:11:35,743 [INFO] LogOutputStream:77 - [STDOUT_REDIRECT] 1 : Invalid condition id : UX_CORESTACK_Condition cause : null
2026-05-29 10:11:35,745 [INFO] LogOutputStream:77 - [STDOUT_REDIRECT] 1 : Invalid condition id : UX_CORESTACK_Condition cause : null
2026-05-29 10:11:35,747 [INFO] LogOutputStream:77 - [STDOUT_REDIRECT] 1 : Invalid condition id : UX_CORESTACK_Condition cause : null
2026-05-29 10:11:35,752 [WARN] PackLoader:240 - Cannot read IP mode file for STMicroelectronics.X-CUBE-AZRTOS-WL.2.0.0
2026-05-29 10:11:35,780 [WARN] PackLoader:240 - Cannot read IP mode file for STMicroelectronics.X-CUBE-AZRTOS-H7RS.1.2.0
2026-05-29 10:11:35,792 [WARN] PackLoader:240 - Cannot read IP mode file for STMicroelectronics.X-CUBE-BLE2.3.3.0
2026-05-29 10:11:35,856 [WARN] PackLoader:240 - Cannot read IP mode file for Infineon.AIROC-Wi-Fi-Bluetooth-STM32.1.8.0
2026-05-29 10:11:35,873 [WARN] PackLoader:240 - Cannot read IP mode file for STMicroelectronics.X-CUBE-NFC9.1.0.0
2026-05-29 10:11:35,883 [WARN] PackLoader:240 - Cannot read IP mode file for STMicroelectronics.X-CUBE-BLE1.7.1.0
2026-05-29 10:11:35,890 [WARN] PackLoader:240 - Cannot read IP mode file for wolfSSL.I-CUBE-wolfMQTT.1.19.2
2026-05-29 10:11:35,901 [WARN] PackLoader:240 - Cannot read IP mode file for STMicroelectronics.X-CUBE-EEPRMA1.5.2.0
2026-05-29 10:11:35,915 [WARN] PackLoader:240 - Cannot read IP mode file for STMicroelectronics.FP-SNS-STAIOTCFT.1.1.0
2026-05-29 10:11:35,943 [WARN] PackLoader:240 - Cannot read IP mode file for STMicroelectronics.X-CUBE-AZRTOS-G0.1.1.0
2026-05-29 10:11:35,956 [WARN] PackLoader:240 - Cannot read IP mode file for STMicroelectronics.X-CUBE-NFC4.3.0.0
2026-05-29 10:11:35,983 [WARN] PackLoader:240 - Cannot read IP mode file for EmbeddedOffice.I-CUBE-FS-RTOS.1.0.1
2026-05-29 10:11:36,001 [WARN] PackLoader:240 - Cannot read IP mode file for wolfSSL.I-CUBE-wolfTPM.3.8.0
2026-05-29 10:11:36,012 [WARN] PackLoader:240 - Cannot read IP mode file for STMicroelectronics.X-CUBE-TCPP.4.2.0
2026-05-29 10:11:36,026 [WARN] PackLoader:240 - Cannot read IP mode file for RealThread.X-CUBE-RT-Thread_Nano.4.1.1
2026-05-29 10:11:36,034 [WARN] PackLoader:240 - Cannot read IP mode file for STMicroelectronics.FP-ATR-SIGFOX1.3.2.0
2026-05-29 10:11:36,045 [WARN] PackLoader:240 - Cannot read IP mode file for STMicroelectronics.X-CUBE-FREERTOS.1.5.0
2026-05-29 10:11:36,055 [WARN] PackLoader:240 - Cannot read IP mode file for ITTIA_DB.I-CUBE-ITTIADB.8.9.0
2026-05-29 10:11:36,068 [WARN] PackLoader:240 - Cannot read IP mode file for Cesanta.I-CUBE-Mongoose.7.21.7
2026-05-29 10:11:36,083 [WARN] PackLoader:240 - Cannot read IP mode file for STMicroelectronics.X-CUBE-NFC6.3.2.0
2026-05-29 10:11:36,102 [WARN] PackLoader:240 - Cannot read IP mode file for STMicroelectronics.X-CUBE-AI.10.2.0
2026-05-29 10:11:36,167 [WARN] PackLoader:240 - Cannot read IP mode file for STMicroelectronics.X-CUBE-MEMS1.12.1.0
2026-05-29 10:11:36,348 [WARN] PackLoader:240 - Cannot read IP mode file for SEGGER.I-CUBE-embOS.1.3.1
2026-05-29 10:11:36,376 [INFO] WebApp:463 - Apply proxy settings
2026-05-29 10:11:36,377 [INFO] WebApp:548 - Chromium requires no authentication
2026-05-29 10:11:36,400 [INFO] WebApp:491 - Direct internet connection detected
2026-05-29 10:11:36,404 [WARN] PackLoader:240 - Cannot read IP mode file for STMicroelectronics.X-CUBE-ALGOBUILD.1.4.0
2026-05-29 10:11:36,413 [WARN] PackLoader:240 - Cannot read IP mode file for STMicroelectronics.X-CUBE-PM33A1.1.0.0
2026-05-29 10:11:36,433 [WARN] PackLoader:240 - Cannot read IP mode file for STMicroelectronics.X-CUBE-AZRTOS-F4.1.1.0
2026-05-29 10:11:36,445 [WARN] PackLoader:240 - Cannot read IP mode file for STMicroelectronics.X-CUBE-ISPU.2.1.0
2026-05-29 10:11:36,456 [INFO] WebApp:900 - Register for checkConnection events
2026-05-29 10:11:36,457 [INFO] WebApp:463 - Apply proxy settings
2026-05-29 10:11:36,457 [INFO] WebApp:548 - Chromium requires no authentication
2026-05-29 10:11:36,459 [INFO] WebApp:491 - Direct internet connection detected
2026-05-29 10:11:36,464 [WARN] PackLoader:240 - Cannot read IP mode file for STMicroelectronics.X-CUBE-IPS.3.2.0
2026-05-29 10:11:36,479 [WARN] PackLoader:240 - Cannot read IP mode file for STMicroelectronics.eDS-WB_DPC_TT-BIDIR.2.1.1
2026-05-29 10:11:36,491 [WARN] PackLoader:240 - Cannot read IP mode file for STMicroelectronics.X-CUBE-NFC12.1.0.0
2026-05-29 10:11:36,513 [WARN] PackLoader:240 - Cannot read IP mode file for STMicroelectronics.X-CUBE-AZRTOS-L5.2.0.0
2026-05-29 10:11:36,524 [WARN] PackLoader:240 - Cannot read IP mode file for STMicroelectronics.X-CUBE-ALGOBUILD.1.5.0
2026-05-29 10:11:36,532 [WARN] PackLoader:240 - Cannot read IP mode file for STMicroelectronics.eDS-WB_DPC_VIENNA.1.2.0
2026-05-29 10:11:36,540 [WARN] PackLoader:240 - Cannot read IP mode file for STMicroelectronics.eDS-WB_DPC_3PH2L-BIDIR.1.1.1
2026-05-29 10:11:36,548 [ERROR] Engine:466 - C:\Users\User\.stm32cubemx\thirdparties\pdsc\STMicroelectronics.X-CUBE-ST67W61.1.3.0.pdsc: PDSC version is not supported
2026-05-29 10:11:36,557 [WARN] PackLoader:240 - Cannot read IP mode file for STMicroelectronics.X-CUBE-TOUCHGFX.4.26.1
2026-05-29 10:11:36,566 [WARN] PackLoader:240 - Cannot read IP mode file for STMicroelectronics.X-CUBE-DPower.1.3.0
2026-05-29 10:11:36,588 [WARN] ConditionMgr:438 - getConditionDescription Invalid condition id : LAN8742 Phy interface Condition cause : null
2026-05-29 10:11:36,589 [WARN] PackLoader:240 - Cannot read IP mode file for STMicroelectronics.X-CUBE-AZRTOS-L4.2.0.0
2026-05-29 10:11:36,591 [WARN] ConditionMgr:1044 - genDependencies : Invalid condition id : LAN8742 Phy interface Condition cause : null
2026-05-29 10:11:36,592 [WARN] ConditionMgr:1044 - genDependencies : Invalid condition id : LAN8742 Phy interface Condition cause : null
2026-05-29 10:11:36,592 [WARN] ConditionMgr:1044 - genDependencies : Invalid condition id : LAN8742 Phy interface Condition cause : null
2026-05-29 10:11:36,604 [WARN] PackLoader:240 - Cannot read IP mode file for STMicroelectronics.X-CUBE-SFXS2LP1.4.0.0
2026-05-29 10:11:36,614 [WARN] PackLoader:240 - Cannot read IP mode file for STMicroelectronics.X-CUBE-WB05N.2.1.0
2026-05-29 10:11:36,629 [WARN] PackLoader:240 - Cannot read IP mode file for STMicroelectronics.X-CUBE-BLEMGR.4.1.0
2026-05-29 10:11:36,649 [WARN] ConditionMgr:438 - getConditionDescription Invalid condition id : UX DEVICE CLASS RTOS Condition cause : null
2026-05-29 10:11:36,650 [WARN] ConditionMgr:438 - getConditionDescription Invalid condition id : UX DEVICE CLASS RTOS Condition cause : null
2026-05-29 10:11:36,652 [WARN] PackLoader:240 - Cannot read IP mode file for STMicroelectronics.X-CUBE-AZRTOS-WB.2.0.0
2026-05-29 10:11:36,653 [WARN] ConditionMgr:1044 - genDependencies : Invalid condition id : UX DEVICE CLASS RTOS Condition cause : null
2026-05-29 10:11:36,653 [WARN] ConditionMgr:1044 - genDependencies : Invalid condition id : UX DEVICE CLASS RTOS Condition cause : null
2026-05-29 10:11:36,653 [WARN] ConditionMgr:1044 - genDependencies : Invalid condition id : UX DEVICE CLASS RTOS Condition cause : null
2026-05-29 10:11:36,654 [WARN] ConditionMgr:1044 - genDependencies : Invalid condition id : UX DEVICE CLASS RTOS Condition cause : null
2026-05-29 10:11:36,654 [WARN] ConditionMgr:1044 - genDependencies : Invalid condition id : UX DEVICE CLASS RTOS Condition cause : null
2026-05-29 10:11:36,664 [WARN] ConditionMgr:438 - getConditionDescription Invalid condition id : Cortex-A Device cause : null
2026-05-29 10:11:36,680 [WARN] ConditionMgr:1044 - genDependencies : Invalid condition id : Cortex-A Device cause : null
2026-05-29 10:11:36,680 [WARN] ConditionMgr:1044 - genDependencies : Invalid condition id : Cortex-A Device cause : null
2026-05-29 10:11:36,681 [WARN] ConditionMgr:1044 - genDependencies : Invalid condition id : Cortex-A Device cause : null
2026-05-29 10:11:36,692 [WARN] PackLoader:240 - Cannot read IP mode file for STMicroelectronics.X-CUBE-STSE01.2.0.0
2026-05-29 10:11:36,708 [WARN] PackLoader:240 - Cannot read IP mode file for STMicroelectronics.X-CUBE-SUBG2.5.0.0
2026-05-29 10:11:36,732 [WARN] PackLoader:240 - Cannot read IP mode file for STMicroelectronics.X-CUBE-AZRTOS-G4.2.0.0
2026-05-29 10:11:36,745 [WARN] PackLoader:240 - Cannot read IP mode file for wolfSSL.I-CUBE-wolfSSH.1.4.20
2026-05-29 10:11:36,754 [WARN] PackLoader:240 - Cannot read IP mode file for STMicroelectronics.X-CUBE-NFC7.2.0.0
2026-05-29 10:11:36,763 [WARN] PackLoader:240 - Cannot read IP mode file for STMicroelectronics.X-CUBE-ALS.1.0.2
2026-05-29 10:11:36,781 [WARN] PackLoader:240 - Cannot read IP mode file for STMicroelectronics.X-CUBE-TOF1.3.4.3
2026-05-29 10:11:36,793 [INFO] ThirdParty:978 - Integrity check success = true
2026-05-29 10:11:36,793 [INFO] IntegrityCheckThread:100 - exiting critical section [integrity check]
2026-05-29 10:11:36,793 [INFO] IntegrityCheckThread:103 - End integrity checks thread
2026-05-29 10:11:36,890 [INFO] WebApp:225 - Starting web application
2026-05-29 10:11:36,890 [INFO] WebApp:593 - Web application path used D:\My_user\STM32CubeIDE_1.19.0\STM32CubeIDE\plugins\com.st.stm32cube.common.mx_6.15.0.202507011659\db\plugins\mcufinder\reactClient1\index.html
2026-05-29 10:11:37,892 [INFO] WebApp:191 - Connection restablished
2026-05-29 10:12:11,801 [ERROR] LogOutputStream:75 - [STDERR_REDIRECT] 
