2026-06-04 09:38:43,839 [INFO] Activator:176 - 


2026-06-04 09:38:43,844 [INFO] Activator:177 - !SESSION log4j initialized
2026-06-04 09:38:50,143 [INFO] LogOutputStream:77 - [STDOUT_REDIRECT] 
2026-06-04 09:38:52,172 [INFO] ApplicationProperties:184 - Using Application install path: D:\My_user\STM32CubeIDE_1.19.0\STM32CubeIDE\plugins\com.st.stm32cube.common.mx_6.15.0.202507011659
2026-06-04 09:38:52,197 [INFO] DbMcusXml:78 - Set database path to: D:\My_user\STM32CubeIDE_1.19.0\STM32CubeIDE\plugins\com.st.stm32cube.common.mx_6.15.0.202507011659\\db\/mcu/
2026-06-04 09:38:52,198 [INFO] ApiDb:274 - Set plugin database path to: D:\My_user\STM32CubeIDE_1.19.0\STM32CubeIDE\plugins\com.st.stm32cube.common.mx_6.15.0.202507011659\\db\/plugins/boardmanager/
2026-06-04 09:38:52,198 [WARN] ApiDb:259 - Overriding images path with different value:  => D:\My_user\STM32CubeIDE_1.19.0\STM32CubeIDE\plugins\com.st.stm32cube.common.mx_6.15.0.202507011659\\db\/plugins/mcufinder/images/
2026-06-04 09:38:52,207 [INFO] ApiDb:250 - Set database path to: C:\Users\User\.stmcufinder\plugins\mcufinder//mcu/
2026-06-04 09:38:52,209 [INFO] DbMcusAds:125 - Set database path to: C:\Users\User\.stmcufinder\plugins\mcufinder//mcu/
2026-06-04 09:38:52,212 [INFO] CrossReferenceDbSqlite:203 - Set database path to: C:\Users\User\.stmcufinder\plugins\mcufinder//mcu/cs/
2026-06-04 09:38:52,342 [INFO] RulesReader:64 - Compatibility file has been processed (317 Rules)
2026-06-04 09:38:52,424 [INFO] DbMcusXml:78 - Set database path to: D:\My_user\STM32CubeIDE_1.19.0\STM32CubeIDE\plugins\com.st.stm32cube.common.mx_6.15.0.202507011659\\db\/mcu/
2026-06-04 09:38:52,424 [INFO] ApiDb:274 - Set plugin database path to: D:\My_user\STM32CubeIDE_1.19.0\STM32CubeIDE\plugins\com.st.stm32cube.common.mx_6.15.0.202507011659\\db\/plugins/boardmanager/
2026-06-04 09:38:52,424 [INFO] ApiDb:261 - Set plugin images path to: D:\My_user\STM32CubeIDE_1.19.0\STM32CubeIDE\plugins\com.st.stm32cube.common.mx_6.15.0.202507011659\\db\/plugins/mcufinder/images/
2026-06-04 09:38:52,425 [WARN] DbFile:41 - Overriding database path with different value: C:\Users\User\.stmcufinder\plugins\mcufinder/ => C:\Users\User\.stmcufinder\plugins\mcufinder
2026-06-04 09:38:52,425 [INFO] ApiDb:250 - Set database path to: C:\Users\User\.stmcufinder\plugins\mcufinder//mcu/
2026-06-04 09:38:52,425 [WARN] DbFile:41 - Overriding database path with different value: C:\Users\User\.stmcufinder\plugins\mcufinder/ => C:\Users\User\.stmcufinder\plugins\mcufinder
2026-06-04 09:38:52,425 [INFO] DbMcusAds:125 - Set database path to: C:\Users\User\.stmcufinder\plugins\mcufinder//mcu/
2026-06-04 09:38:52,426 [WARN] DbFile:41 - Overriding database path with different value: C:\Users\User\.stmcufinder\plugins\mcufinder/ => C:\Users\User\.stmcufinder\plugins\mcufinder
2026-06-04 09:38:52,426 [WARN] DbFile:41 - Overriding database path with different value: C:\Users\User\.stmcufinder\plugins\mcufinder/ => C:\Users\User\.stmcufinder\plugins\mcufinder
2026-06-04 09:38:52,426 [INFO] CrossReferenceDbSqlite:203 - Set database path to: C:\Users\User\.stmcufinder\plugins\mcufinder//mcu/cs/
2026-06-04 09:38:52,513 [INFO] MainPanel:274 - HeapMemory: 268435456
2026-06-04 09:38:52,633 [INFO] DbMcusXml:78 - Set database path to: D:\My_user\STM32CubeIDE_1.19.0\STM32CubeIDE\plugins\com.st.stm32cube.common.mx_6.15.0.202507011659\\db\/mcu/
2026-06-04 09:38:52,633 [INFO] ApiDb:274 - Set plugin database path to: D:\My_user\STM32CubeIDE_1.19.0\STM32CubeIDE\plugins\com.st.stm32cube.common.mx_6.15.0.202507011659\\db\/plugins/boardmanager/
2026-06-04 09:38:52,633 [INFO] ApiDb:261 - Set plugin images path to: D:\My_user\STM32CubeIDE_1.19.0\STM32CubeIDE\plugins\com.st.stm32cube.common.mx_6.15.0.202507011659\\db\/plugins/mcufinder/images/
2026-06-04 09:38:52,634 [WARN] DbFile:41 - Overriding database path with different value: C:\Users\User\.stmcufinder\plugins\mcufinder/ => C:\Users\User\.stmcufinder\plugins\mcufinder
2026-06-04 09:38:52,634 [INFO] ApiDb:250 - Set database path to: C:\Users\User\.stmcufinder\plugins\mcufinder//mcu/
2026-06-04 09:38:52,634 [WARN] DbFile:41 - Overriding database path with different value: C:\Users\User\.stmcufinder\plugins\mcufinder/ => C:\Users\User\.stmcufinder\plugins\mcufinder
2026-06-04 09:38:52,634 [INFO] DbMcusAds:125 - Set database path to: C:\Users\User\.stmcufinder\plugins\mcufinder//mcu/
2026-06-04 09:38:52,634 [WARN] DbFile:41 - Overriding database path with different value: C:\Users\User\.stmcufinder\plugins\mcufinder/ => C:\Users\User\.stmcufinder\plugins\mcufinder
2026-06-04 09:38:52,634 [WARN] DbFile:41 - Overriding database path with different value: C:\Users\User\.stmcufinder\plugins\mcufinder/ => C:\Users\User\.stmcufinder\plugins\mcufinder
2026-06-04 09:38:52,634 [INFO] CrossReferenceDbSqlite:203 - Set database path to: C:\Users\User\.stmcufinder\plugins\mcufinder//mcu/cs/
2026-06-04 09:38:52,661 [INFO] ApplicationProperties:184 - Using Application install path: D:\My_user\STM32CubeIDE_1.19.0\STM32CubeIDE\plugins\com.st.stm32cube.common.mx_6.15.0.202507011659
2026-06-04 09:38:52,664 [INFO] PluginManage:196 - Search for loadable plugins [exclusion list=, ]
2026-06-04 09:38:52,666 [INFO] PluginManage:310 - Check plugin analytics
2026-06-04 09:38:52,938 [INFO] AnalyticsPlugin:253 - Accepted Software Licenses: 
2026-06-04 09:38:52,939 [INFO] AnalyticsPlugin:255 - Accepted CMSIS Pack Licenses: 
2026-06-04 09:38:52,939 [INFO] AnalyticsPlugin:257 - Accepted Firmware Licenses: FW.L4.1.18.0
2026-06-04 09:38:52,942 [INFO] PluginManage:359 - Loaded plugin analytics (category:tool,tabindex:-1)
2026-06-04 09:38:52,943 [INFO] PluginManage:310 - Check plugin cadmodel
2026-06-04 09:38:52,949 [INFO] CADModel:105 - Init CAD model plugin
2026-06-04 09:38:52,950 [INFO] PluginManage:359 - Loaded plugin cadmodel (category:power,tabindex:5)
2026-06-04 09:38:52,950 [INFO] PluginManage:310 - Check plugin clock
2026-06-04 09:38:52,963 [INFO] PluginManage:359 - Loaded plugin clock (category:base,tabindex:2)
2026-06-04 09:38:52,963 [INFO] PluginManage:310 - Check plugin ddr
2026-06-04 09:38:52,967 [INFO] PluginManage:359 - Loaded plugin ddr (category:tool,tabindex:6)
2026-06-04 09:38:52,967 [INFO] PluginManage:310 - Check plugin filemanager
2026-06-04 09:38:53,147 [INFO] PluginManage:359 - Loaded plugin filemanager (category:base,tabindex:10)
2026-06-04 09:38:53,147 [INFO] PluginManage:310 - Check plugin ipmanager
2026-06-04 09:38:53,157 [INFO] PluginManage:359 - Loaded plugin ipmanager (category:base,tabindex:5)
2026-06-04 09:38:53,158 [INFO] PluginManage:310 - Check plugin lpbam
2026-06-04 09:38:53,169 [INFO] PluginManage:359 - Loaded plugin lpbam (category:base,tabindex:0)
2026-06-04 09:38:53,169 [INFO] PluginManage:310 - Check plugin memorymap
2026-06-04 09:38:53,188 [INFO] PluginManage:359 - Loaded plugin memorymap (category:base,tabindex:4)
2026-06-04 09:38:53,188 [INFO] PluginManage:310 - Check plugin pinoutandconfiguration
2026-06-04 09:38:53,198 [INFO] PluginManage:359 - Loaded plugin pinoutandconfiguration (category:base,tabindex:1)
2026-06-04 09:38:53,198 [INFO] PluginManage:310 - Check plugin pinoutconfig
2026-06-04 09:38:53,300 [WARN] SupportedApi:132 - Cannot load RTOS API schema: s4s-elt-must-match.1: The content of 'definitions' must match (annotation?, (simpleType | complexType)?, (unique | key | keyref)*)). A problem was found starting at: attribute.
2026-06-04 09:38:53,524 [INFO] PluginManage:359 - Loaded plugin pinoutconfig (category:base,tabindex:0)
2026-06-04 09:38:53,524 [INFO] PluginManage:310 - Check plugin power
2026-06-04 09:38:53,541 [INFO] PluginManage:359 - Loaded plugin power (category:power,tabindex:4)
2026-06-04 09:38:53,541 [INFO] PluginManage:310 - Check plugin projectmanager
2026-06-04 09:38:53,562 [INFO] PluginManage:359 - Loaded plugin projectmanager (category:projectmanager,tabindex:4)
2026-06-04 09:38:53,562 [INFO] PluginManage:310 - Check plugin rif
2026-06-04 09:38:53,572 [INFO] PluginManage:359 - Loaded plugin rif (category:base,tabindex:3)
2026-06-04 09:38:53,573 [INFO] PluginManage:310 - Check plugin thirdparty
2026-06-04 09:38:53,741 [INFO] PluginManage:359 - Loaded plugin thirdparty (category:base,tabindex:-1)
2026-06-04 09:38:53,741 [WARN] IntegrityCheckThread:84 - waiting for thirdparty lock release [integrity check]
2026-06-04 09:38:53,742 [INFO] PluginManage:310 - Check plugin tools
2026-06-04 09:38:53,742 [INFO] IntegrityCheckThread:86 - entering critical section [integrity check]
2026-06-04 09:38:53,742 [INFO] ThirdPartyUpdaterWithRetryManager:70 - Updater plugin not ready yet. [1/15]
2026-06-04 09:38:53,744 [INFO] PluginManage:359 - Loaded plugin tools (category:base,tabindex:7)
2026-06-04 09:38:53,744 [INFO] PluginManage:310 - Check plugin tutovideos
2026-06-04 09:38:53,960 [INFO] PluginManage:359 - Loaded plugin tutovideos (category:base,tabindex:-1)
2026-06-04 09:38:53,961 [INFO] PluginManage:310 - Check plugin updater
2026-06-04 09:38:53,982 [INFO] PluginManage:359 - Loaded plugin updater (category:base,tabindex:12)
2026-06-04 09:38:53,983 [INFO] PluginManage:310 - Check plugin userauth
2026-06-04 09:38:53,987 [INFO] UserAuth:118 - Init User Auth plugin
2026-06-04 09:38:53,988 [INFO] PluginManage:359 - Loaded plugin userauth (category:base,tabindex:14)
2026-06-04 09:38:53,989 [INFO] PluginManage:283 - PluginManage : Loaded plugins [18]
2026-06-04 09:38:54,220 [INFO] PinOutPanel:1589 - setPackage(No Configuration,No Configuration)
2026-06-04 09:38:54,314 [INFO] CADModel:165 - CPN selected for project level
2026-06-04 09:38:54,315 [INFO] CADModel:114 - Register for checkConnection events
2026-06-04 09:38:54,337 [INFO] IPUIPlugin:80 - create IPUIPlugin
2026-06-04 09:38:54,338 [INFO] PluginManager:220 - loadIPPluginJar : add adc
2026-06-04 09:38:54,340 [INFO] IPUIPlugin:80 - create IPUIPlugin
2026-06-04 09:38:54,341 [INFO] PluginManager:220 - loadIPPluginJar : add aes
2026-06-04 09:38:54,344 [INFO] IPUIPlugin:80 - create IPUIPlugin
2026-06-04 09:38:54,344 [INFO] PluginManager:220 - loadIPPluginJar : add can
2026-06-04 09:38:54,347 [INFO] IPUIPlugin:80 - create IPUIPlugin
2026-06-04 09:38:54,347 [INFO] PluginManager:220 - loadIPPluginJar : add comp
2026-06-04 09:38:54,349 [INFO] IPUIPlugin:80 - create IPUIPlugin
2026-06-04 09:38:54,350 [INFO] PluginManager:220 - loadIPPluginJar : add cryp
2026-06-04 09:38:54,354 [INFO] IPUIPlugin:80 - create IPUIPlugin
2026-06-04 09:38:54,355 [INFO] PluginManager:220 - loadIPPluginJar : add ddr_ctrl_phy
2026-06-04 09:38:54,358 [INFO] IPUIPlugin:80 - create IPUIPlugin
2026-06-04 09:38:54,358 [INFO] PluginManager:220 - loadIPPluginJar : add dfsdm
2026-06-04 09:38:54,364 [INFO] IPUIPlugin:80 - create IPUIPlugin
2026-06-04 09:38:54,365 [INFO] PluginManager:220 - loadIPPluginJar : add dma
2026-06-04 09:38:54,368 [INFO] IPUIPlugin:80 - create IPUIPlugin
2026-06-04 09:38:54,369 [INFO] PluginManager:220 - loadIPPluginJar : add dma3
2026-06-04 09:38:54,372 [INFO] IPUIPlugin:80 - create IPUIPlugin
2026-06-04 09:38:54,372 [INFO] PluginManager:220 - loadIPPluginJar : add extmemmanager
2026-06-04 09:38:54,375 [INFO] IPUIPlugin:80 - create IPUIPlugin
2026-06-04 09:38:54,375 [INFO] PluginManager:220 - loadIPPluginJar : add fatfs
2026-06-04 09:38:54,380 [INFO] IPUIPlugin:80 - create IPUIPlugin
2026-06-04 09:38:54,380 [INFO] PluginManager:220 - loadIPPluginJar : add fmc
2026-06-04 09:38:54,388 [INFO] IPUIPlugin:80 - create IPUIPlugin
2026-06-04 09:38:54,388 [INFO] PluginManager:220 - loadIPPluginJar : add freertos
2026-06-04 09:38:54,391 [INFO] IPUIPlugin:80 - create IPUIPlugin
2026-06-04 09:38:54,391 [INFO] PluginManager:220 - loadIPPluginJar : add genericplugin
2026-06-04 09:38:54,395 [INFO] IPUIPlugin:80 - create IPUIPlugin
2026-06-04 09:38:54,395 [INFO] PluginManager:220 - loadIPPluginJar : add gfxmmu
2026-06-04 09:38:54,402 [INFO] IPUIPlugin:80 - create IPUIPlugin
2026-06-04 09:38:54,402 [INFO] PluginManager:220 - loadIPPluginJar : add gic
2026-06-04 09:38:54,408 [INFO] IPUIPlugin:80 - create IPUIPlugin
2026-06-04 09:38:54,409 [INFO] PluginManager:220 - loadIPPluginJar : add gpio
2026-06-04 09:38:54,413 [INFO] IPUIPlugin:80 - create IPUIPlugin
2026-06-04 09:38:54,413 [INFO] PluginManager:220 - loadIPPluginJar : add gtzc
2026-06-04 09:38:54,417 [INFO] IPUIPlugin:80 - create IPUIPlugin
2026-06-04 09:38:54,417 [INFO] PluginManager:220 - loadIPPluginJar : add hash
2026-06-04 09:38:54,422 [INFO] IPUIPlugin:80 - create IPUIPlugin
2026-06-04 09:38:54,422 [INFO] PluginManager:220 - loadIPPluginJar : add i2c
2026-06-04 09:38:54,426 [INFO] IPUIPlugin:80 - create IPUIPlugin
2026-06-04 09:38:54,426 [INFO] PluginManager:220 - loadIPPluginJar : add i2s
2026-06-04 09:38:54,431 [INFO] IPUIPlugin:80 - create IPUIPlugin
2026-06-04 09:38:54,432 [INFO] PluginManager:220 - loadIPPluginJar : add i3c
2026-06-04 09:38:54,437 [INFO] IPUIPlugin:80 - create IPUIPlugin
2026-06-04 09:38:54,437 [INFO] PluginManager:220 - loadIPPluginJar : add ipddr
2026-06-04 09:38:54,447 [INFO] IPUIPlugin:80 - create IPUIPlugin
2026-06-04 09:38:54,447 [INFO] PluginManager:220 - loadIPPluginJar : add linkedlist
2026-06-04 09:38:54,451 [INFO] IPUIPlugin:80 - create IPUIPlugin
2026-06-04 09:38:54,451 [INFO] PluginManager:220 - loadIPPluginJar : add lorawan
2026-06-04 09:38:54,453 [INFO] IPUIPlugin:80 - create IPUIPlugin
2026-06-04 09:38:54,453 [INFO] PluginManager:220 - loadIPPluginJar : add ltdc
2026-06-04 09:38:54,461 [INFO] IPUIPlugin:80 - create IPUIPlugin
2026-06-04 09:38:54,461 [INFO] PluginManager:220 - loadIPPluginJar : add mdma
2026-06-04 09:38:54,467 [INFO] IPUIPlugin:80 - create IPUIPlugin
2026-06-04 09:38:54,467 [INFO] PluginManager:220 - loadIPPluginJar : add nvic
2026-06-04 09:38:54,471 [INFO] IPUIPlugin:80 - create IPUIPlugin
2026-06-04 09:38:54,472 [INFO] PluginManager:220 - loadIPPluginJar : add opamp
2026-06-04 09:38:54,475 [INFO] IPUIPlugin:80 - create IPUIPlugin
2026-06-04 09:38:54,476 [INFO] PluginManager:220 - loadIPPluginJar : add openamp
2026-06-04 09:38:54,479 [INFO] IPUIPlugin:80 - create IPUIPlugin
2026-06-04 09:38:54,479 [INFO] PluginManager:220 - loadIPPluginJar : add pdm2pcm
2026-06-04 09:38:54,486 [INFO] IPUIPlugin:80 - create IPUIPlugin
2026-06-04 09:38:54,489 [INFO] PluginManager:220 - loadIPPluginJar : add plateformsettings
2026-06-04 09:38:54,491 [INFO] IPUIPlugin:80 - create IPUIPlugin
2026-06-04 09:38:54,491 [INFO] PluginManager:220 - loadIPPluginJar : add quadspi
2026-06-04 09:38:54,493 [INFO] IPUIPlugin:80 - create IPUIPlugin
2026-06-04 09:38:54,494 [INFO] PluginManager:220 - loadIPPluginJar : add radio
2026-06-04 09:38:54,500 [INFO] IPUIPlugin:80 - create IPUIPlugin
2026-06-04 09:38:54,500 [INFO] PluginManager:220 - loadIPPluginJar : add resmgrutility
2026-06-04 09:38:54,503 [INFO] IPUIPlugin:80 - create IPUIPlugin
2026-06-04 09:38:54,503 [INFO] PluginManager:220 - loadIPPluginJar : add sai
2026-06-04 09:38:54,506 [INFO] IPUIPlugin:80 - create IPUIPlugin
2026-06-04 09:38:54,507 [INFO] PluginManager:220 - loadIPPluginJar : add spi
2026-06-04 09:38:54,515 [INFO] IPUIPlugin:80 - create IPUIPlugin
2026-06-04 09:38:54,515 [INFO] PluginManager:220 - loadIPPluginJar : add stm32_wpan
2026-06-04 09:38:54,518 [INFO] IPUIPlugin:80 - create IPUIPlugin
2026-06-04 09:38:54,518 [INFO] PluginManager:220 - loadIPPluginJar : add tim
2026-06-04 09:38:54,523 [INFO] IPUIPlugin:80 - create IPUIPlugin
2026-06-04 09:38:54,523 [INFO] PluginManager:220 - loadIPPluginJar : add touchsensing
2026-06-04 09:38:54,526 [INFO] IPUIPlugin:80 - create IPUIPlugin
2026-06-04 09:38:54,526 [INFO] PluginManager:220 - loadIPPluginJar : add tracer_emb
2026-06-04 09:38:54,529 [INFO] IPUIPlugin:80 - create IPUIPlugin
2026-06-04 09:38:54,529 [INFO] PluginManager:220 - loadIPPluginJar : add ts
2026-06-04 09:38:54,531 [INFO] IPUIPlugin:80 - create IPUIPlugin
2026-06-04 09:38:54,531 [INFO] PluginManager:220 - loadIPPluginJar : add tsc
2026-06-04 09:38:54,533 [INFO] IPUIPlugin:80 - create IPUIPlugin
2026-06-04 09:38:54,533 [INFO] PluginManager:220 - loadIPPluginJar : add ucpd
2026-06-04 09:38:54,536 [INFO] IPUIPlugin:80 - create IPUIPlugin
2026-06-04 09:38:54,537 [INFO] PluginManager:220 - loadIPPluginJar : add usart
2026-06-04 09:38:54,540 [INFO] IPUIPlugin:80 - create IPUIPlugin
2026-06-04 09:38:54,540 [INFO] PluginManager:220 - loadIPPluginJar : add usbx
2026-06-04 09:38:54,666 [FATAL] Updater:351 - Updater called before beeing initialized
2026-06-04 09:38:54,695 [INFO] RulesReader:64 - Compatibility file has been processed (317 Rules)
2026-06-04 09:38:54,710 [INFO] RulesReader:64 - Compatibility file has been processed (317 Rules)
2026-06-04 09:38:54,719 [INFO] CADModel:165 - CPN selected for project level
2026-06-04 09:38:54,720 [INFO] CADModel:114 - Register for checkConnection events
2026-06-04 09:38:54,720 [FATAL] Updater:351 - Updater called before beeing initialized
2026-06-04 09:38:54,720 [ERROR] CADModel:125 - Updater not yet initialized, retry later 
2026-06-04 09:38:54,917 [FATAL] Updater:351 - Updater called before beeing initialized
2026-06-04 09:38:54,920 [INFO] CADModel:165 - CPN selected for project level
2026-06-04 09:38:54,920 [INFO] CADModel:114 - Register for checkConnection events
2026-06-04 09:38:54,920 [FATAL] Updater:351 - Updater called before beeing initialized
2026-06-04 09:38:54,920 [ERROR] CADModel:125 - Updater not yet initialized, retry later 
2026-06-04 09:38:54,924 [FATAL] Updater:351 - Updater called before beeing initialized
2026-06-04 09:38:55,062 [FATAL] Updater:351 - Updater called before beeing initialized
2026-06-04 09:38:55,066 [INFO] DbMcusAds:53 - JSON generation date=Thu May 28 21:38:17 IST 2026 (1779984497073)
2026-06-04 09:38:55,066 [FATAL] Updater:351 - Updater called before beeing initialized
2026-06-04 09:38:55,102 [WARN] DetailPanel:346 - Failed to get advertising image, set to default
2026-06-04 09:38:55,183 [FATAL] Updater:351 - Updater called before beeing initialized
2026-06-04 09:38:55,185 [FATAL] Updater:351 - Updater called before beeing initialized
2026-06-04 09:38:55,185 [FATAL] Updater:351 - Updater called before beeing initialized
2026-06-04 09:38:55,185 [WARN] DetailPanel:346 - Failed to get advertising image, set to default
2026-06-04 09:38:55,186 [FATAL] Updater:351 - Updater called before beeing initialized
2026-06-04 09:38:55,232 [ERROR] Updater:1198 - MainUpdater not yet initialized. External WinMGr cannot be set.
2026-06-04 09:38:55,234 [INFO] Updater:1134 - Updater Version found : 6.15.0
2026-06-04 09:38:55,248 [INFO] ApplicationProperties:184 - Using Application install path: D:\My_user\STM32CubeIDE_1.19.0\STM32CubeIDE\plugins\com.st.stm32cube.common.mx_6.15.0.202507011659
2026-06-04 09:38:55,665 [INFO] MainUpdater:2872 - connection check result : 10
2026-06-04 09:38:55,666 [INFO] MainUpdater:289 - Updater Check For Update Now.
2026-06-04 09:38:55,666 [INFO] MicroXplorer:498 - Change Database Version : DB.6.0.150
2026-06-04 09:38:55,674 [INFO] McuFinderGlobals:63 - Set McuFinder mode to 2 (CubeIDE integrated)
2026-06-04 09:38:55,675 [INFO] UserAuth:171 - activating auth plugin
2026-06-04 09:38:55,679 [INFO] UserAuth:487 - Internet connection configuration mode: 1
2026-06-04 09:38:55,714 [INFO] JxBrowserEngine:152 - Initiate JxBrowser Engine with user profile folder
2026-06-04 09:38:55,860 [INFO] CheckServerUpdateThread:120 - End of CheckServer Thread
2026-06-04 09:38:56,679 [INFO] WebApp:169 - Instantiating new browser for Auth
2026-06-04 09:38:57,172 [WARN] PackLoader:240 - Cannot read IP mode file for STMicroelectronics.X-CUBE-AZRTOS-H7.3.5.0
2026-06-04 09:38:57,189 [WARN] PackLoader:240 - Cannot read IP mode file for STMicroelectronics.FP-ATR-ASTRA1.2.0.2
2026-06-04 09:38:57,200 [ERROR] Engine:466 - C:\Users\User\.stm32cubemx\thirdparties\pdsc\STMicroelectronics.X-CUBE-SMBUS.2.1.1.pdsc: PDSC version is not supported
2026-06-04 09:38:57,204 [WARN] PackLoader:240 - Cannot read IP mode file for STMicroelectronics.X-CUBE-SMBUS.2.1.0
2026-06-04 09:38:57,226 [WARN] PackLoader:240 - Cannot read IP mode file for STMicroelectronics.X-CUBE-AZRTOS-F7.1.1.0
2026-06-04 09:38:57,239 [WARN] PackLoader:240 - Cannot read IP mode file for STMicroelectronics.FP-SNS-MOTENV1.5.1.0
2026-06-04 09:38:57,256 [WARN] PackLoader:240 - Cannot read IP mode file for WES.I-CUBE-Cesium.1.4.0
2026-06-04 09:38:57,269 [WARN] PackLoader:240 - Cannot read IP mode file for STMicroelectronics.X-CUBE-DISPLAY.3.0.0
2026-06-04 09:38:57,289 [WARN] PackLoader:240 - Cannot read IP mode file for STMicroelectronics.X-CUBE-GNSS1.7.1.1
2026-06-04 09:38:57,299 [WARN] PackLoader:240 - Cannot read IP mode file for STMicroelectronics.FP-SNS-MOTENVWB1.1.5.0
2026-06-04 09:38:57,308 [WARN] PackLoader:240 - Cannot read IP mode file for wolfSSL.I-CUBE-wolfSSL.5.9.1
2026-06-04 09:38:57,317 [WARN] PackLoader:240 - Cannot read IP mode file for STMicroelectronics.X-CUBE-NFC10.1.0.0
2026-06-04 09:38:57,326 [WARN] PackLoader:240 - Cannot read IP mode file for STMicroelectronics.X-CUBE-ST60.1.1.0
2026-06-04 09:38:57,336 [WARN] PackLoader:240 - Cannot read IP mode file for emotas.I-CUBE-CANOPEN.1.3.0
2026-06-04 09:38:57,350 [WARN] PackLoader:240 - Cannot read IP mode file for STMicroelectronics.FP-SNS-STBOX1.2.1.0
2026-06-04 09:38:57,362 [WARN] PackLoader:240 - Cannot read IP mode file for STMicroelectronics.FP-SNS-SMARTAG2.1.2.0
2026-06-04 09:38:57,373 [WARN] PackLoader:240 - Cannot read IP mode file for STMicroelectronics.FP-SNS-FLIGHT1.5.1.0
2026-06-04 09:38:57,386 [INFO] LogOutputStream:77 - [STDOUT_REDIRECT] 1 : Invalid condition id : UX_CORESTACK_Condition cause : null
2026-06-04 09:38:57,387 [INFO] LogOutputStream:77 - [STDOUT_REDIRECT] 1 : Invalid condition id : UX_CORESTACK_Condition cause : null
2026-06-04 09:38:57,389 [INFO] LogOutputStream:77 - [STDOUT_REDIRECT] 1 : Invalid condition id : UX_CORESTACK_Condition cause : null
2026-06-04 09:38:57,392 [INFO] LogOutputStream:77 - [STDOUT_REDIRECT] 1 : Invalid condition id : UX_CORESTACK_Condition cause : null
2026-06-04 09:38:57,396 [INFO] LogOutputStream:77 - [STDOUT_REDIRECT] 1 : Invalid condition id : UX_CORESTACK_Condition cause : null
2026-06-04 09:38:57,400 [WARN] PackLoader:240 - Cannot read IP mode file for STMicroelectronics.X-CUBE-AZRTOS-WL.2.0.0
2026-06-04 09:38:57,428 [WARN] PackLoader:240 - Cannot read IP mode file for STMicroelectronics.X-CUBE-AZRTOS-H7RS.1.2.0
2026-06-04 09:38:57,443 [WARN] PackLoader:240 - Cannot read IP mode file for STMicroelectronics.X-CUBE-BLE2.3.3.0
2026-06-04 09:38:57,489 [WARN] PackLoader:240 - Cannot read IP mode file for Infineon.AIROC-Wi-Fi-Bluetooth-STM32.1.8.0
2026-06-04 09:38:57,510 [WARN] PackLoader:240 - Cannot read IP mode file for STMicroelectronics.X-CUBE-NFC9.1.0.0
2026-06-04 09:38:57,516 [WARN] PackLoader:240 - Cannot read IP mode file for STMicroelectronics.X-CUBE-BLE1.7.1.0
2026-06-04 09:38:57,520 [WARN] PackLoader:240 - Cannot read IP mode file for wolfSSL.I-CUBE-wolfMQTT.1.19.2
2026-06-04 09:38:57,526 [WARN] PackLoader:240 - Cannot read IP mode file for STMicroelectronics.X-CUBE-EEPRMA1.5.2.0
2026-06-04 09:38:57,533 [WARN] PackLoader:240 - Cannot read IP mode file for STMicroelectronics.FP-SNS-STAIOTCFT.1.1.0
2026-06-04 09:38:57,546 [WARN] PackLoader:240 - Cannot read IP mode file for STMicroelectronics.X-CUBE-AZRTOS-G0.1.1.0
2026-06-04 09:38:57,554 [WARN] PackLoader:240 - Cannot read IP mode file for STMicroelectronics.X-CUBE-NFC4.3.0.0
2026-06-04 09:38:57,562 [WARN] PackLoader:240 - Cannot read IP mode file for EmbeddedOffice.I-CUBE-FS-RTOS.1.0.1
2026-06-04 09:38:57,567 [WARN] PackLoader:240 - Cannot read IP mode file for wolfSSL.I-CUBE-wolfTPM.3.8.0
2026-06-04 09:38:57,573 [WARN] PackLoader:240 - Cannot read IP mode file for STMicroelectronics.X-CUBE-TCPP.4.2.0
2026-06-04 09:38:57,581 [WARN] PackLoader:240 - Cannot read IP mode file for RealThread.X-CUBE-RT-Thread_Nano.4.1.1
2026-06-04 09:38:57,587 [WARN] PackLoader:240 - Cannot read IP mode file for STMicroelectronics.FP-ATR-SIGFOX1.3.2.0
2026-06-04 09:38:57,594 [WARN] PackLoader:240 - Cannot read IP mode file for STMicroelectronics.X-CUBE-FREERTOS.1.5.0
2026-06-04 09:38:57,601 [WARN] PackLoader:240 - Cannot read IP mode file for ITTIA_DB.I-CUBE-ITTIADB.8.9.0
2026-06-04 09:38:57,605 [WARN] PackLoader:240 - Cannot read IP mode file for Cesanta.I-CUBE-Mongoose.7.21.7
2026-06-04 09:38:57,610 [WARN] PackLoader:240 - Cannot read IP mode file for STMicroelectronics.X-CUBE-NFC6.3.2.0
2026-06-04 09:38:57,615 [WARN] PackLoader:240 - Cannot read IP mode file for STMicroelectronics.X-CUBE-AI.10.2.0
2026-06-04 09:38:57,642 [WARN] PackLoader:240 - Cannot read IP mode file for STMicroelectronics.X-CUBE-MEMS1.12.1.0
2026-06-04 09:38:57,923 [WARN] PackLoader:240 - Cannot read IP mode file for SEGGER.I-CUBE-embOS.1.3.1
2026-06-04 09:38:58,004 [WARN] PackLoader:240 - Cannot read IP mode file for STMicroelectronics.X-CUBE-ALGOBUILD.1.4.0
2026-06-04 09:38:58,032 [WARN] PackLoader:240 - Cannot read IP mode file for STMicroelectronics.X-CUBE-PM33A1.1.0.0
2026-06-04 09:38:58,052 [WARN] PackLoader:240 - Cannot read IP mode file for STMicroelectronics.X-CUBE-AZRTOS-F4.1.1.0
2026-06-04 09:38:58,067 [WARN] PackLoader:240 - Cannot read IP mode file for STMicroelectronics.X-CUBE-ISPU.2.1.0
2026-06-04 09:38:58,088 [WARN] PackLoader:240 - Cannot read IP mode file for STMicroelectronics.X-CUBE-IPS.3.2.0
2026-06-04 09:38:58,102 [WARN] PackLoader:240 - Cannot read IP mode file for STMicroelectronics.eDS-WB_DPC_TT-BIDIR.2.1.1
2026-06-04 09:38:58,128 [WARN] PackLoader:240 - Cannot read IP mode file for STMicroelectronics.X-CUBE-NFC12.1.0.0
2026-06-04 09:38:58,152 [WARN] PackLoader:240 - Cannot read IP mode file for STMicroelectronics.X-CUBE-AZRTOS-L5.2.0.0
2026-06-04 09:38:58,166 [WARN] PackLoader:240 - Cannot read IP mode file for STMicroelectronics.X-CUBE-ALGOBUILD.1.5.0
2026-06-04 09:38:58,173 [WARN] PackLoader:240 - Cannot read IP mode file for STMicroelectronics.eDS-WB_DPC_VIENNA.1.2.0
2026-06-04 09:38:58,186 [WARN] PackLoader:240 - Cannot read IP mode file for STMicroelectronics.eDS-WB_DPC_3PH2L-BIDIR.1.1.1
2026-06-04 09:38:58,191 [ERROR] Engine:466 - C:\Users\User\.stm32cubemx\thirdparties\pdsc\STMicroelectronics.X-CUBE-ST67W61.1.3.0.pdsc: PDSC version is not supported
2026-06-04 09:38:58,203 [WARN] PackLoader:240 - Cannot read IP mode file for STMicroelectronics.X-CUBE-TOUCHGFX.4.26.1
2026-06-04 09:38:58,214 [WARN] PackLoader:240 - Cannot read IP mode file for STMicroelectronics.X-CUBE-DPower.1.3.0
2026-06-04 09:38:58,249 [WARN] ConditionMgr:438 - getConditionDescription Invalid condition id : LAN8742 Phy interface Condition cause : null
2026-06-04 09:38:58,251 [WARN] PackLoader:240 - Cannot read IP mode file for STMicroelectronics.X-CUBE-AZRTOS-L4.2.0.0
2026-06-04 09:38:58,253 [WARN] ConditionMgr:1044 - genDependencies : Invalid condition id : LAN8742 Phy interface Condition cause : null
2026-06-04 09:38:58,253 [WARN] ConditionMgr:1044 - genDependencies : Invalid condition id : LAN8742 Phy interface Condition cause : null
2026-06-04 09:38:58,254 [WARN] ConditionMgr:1044 - genDependencies : Invalid condition id : LAN8742 Phy interface Condition cause : null
2026-06-04 09:38:58,265 [WARN] PackLoader:240 - Cannot read IP mode file for STMicroelectronics.X-CUBE-SFXS2LP1.4.0.0
2026-06-04 09:38:58,276 [WARN] PackLoader:240 - Cannot read IP mode file for STMicroelectronics.X-CUBE-WB05N.2.1.0
2026-06-04 09:38:58,282 [INFO] WebApp:463 - Apply proxy settings
2026-06-04 09:38:58,283 [INFO] WebApp:548 - Chromium requires no authentication
2026-06-04 09:38:58,290 [WARN] PackLoader:240 - Cannot read IP mode file for STMicroelectronics.X-CUBE-BLEMGR.4.1.0
2026-06-04 09:38:58,306 [WARN] ConditionMgr:438 - getConditionDescription Invalid condition id : UX DEVICE CLASS RTOS Condition cause : null
2026-06-04 09:38:58,306 [INFO] WebApp:491 - Direct internet connection detected
2026-06-04 09:38:58,307 [WARN] ConditionMgr:438 - getConditionDescription Invalid condition id : UX DEVICE CLASS RTOS Condition cause : null
2026-06-04 09:38:58,309 [WARN] PackLoader:240 - Cannot read IP mode file for STMicroelectronics.X-CUBE-AZRTOS-WB.2.0.0
2026-06-04 09:38:58,310 [WARN] ConditionMgr:1044 - genDependencies : Invalid condition id : UX DEVICE CLASS RTOS Condition cause : null
2026-06-04 09:38:58,310 [WARN] ConditionMgr:1044 - genDependencies : Invalid condition id : UX DEVICE CLASS RTOS Condition cause : null
2026-06-04 09:38:58,311 [WARN] ConditionMgr:1044 - genDependencies : Invalid condition id : UX DEVICE CLASS RTOS Condition cause : null
2026-06-04 09:38:58,311 [WARN] ConditionMgr:1044 - genDependencies : Invalid condition id : UX DEVICE CLASS RTOS Condition cause : null
2026-06-04 09:38:58,311 [WARN] ConditionMgr:1044 - genDependencies : Invalid condition id : UX DEVICE CLASS RTOS Condition cause : null
2026-06-04 09:38:58,318 [WARN] ConditionMgr:438 - getConditionDescription Invalid condition id : Cortex-A Device cause : null
2026-06-04 09:38:58,333 [WARN] ConditionMgr:1044 - genDependencies : Invalid condition id : Cortex-A Device cause : null
2026-06-04 09:38:58,333 [WARN] ConditionMgr:1044 - genDependencies : Invalid condition id : Cortex-A Device cause : null
2026-06-04 09:38:58,333 [WARN] ConditionMgr:1044 - genDependencies : Invalid condition id : Cortex-A Device cause : null
2026-06-04 09:38:58,342 [WARN] PackLoader:240 - Cannot read IP mode file for STMicroelectronics.X-CUBE-STSE01.2.0.0
2026-06-04 09:38:58,353 [WARN] PackLoader:240 - Cannot read IP mode file for STMicroelectronics.X-CUBE-SUBG2.5.0.0
2026-06-04 09:38:58,361 [INFO] WebApp:900 - Register for checkConnection events
2026-06-04 09:38:58,361 [INFO] WebApp:463 - Apply proxy settings
2026-06-04 09:38:58,361 [INFO] WebApp:548 - Chromium requires no authentication
2026-06-04 09:38:58,362 [INFO] WebApp:491 - Direct internet connection detected
2026-06-04 09:38:58,371 [WARN] PackLoader:240 - Cannot read IP mode file for STMicroelectronics.X-CUBE-AZRTOS-G4.2.0.0
2026-06-04 09:38:58,381 [WARN] PackLoader:240 - Cannot read IP mode file for wolfSSL.I-CUBE-wolfSSH.1.4.20
2026-06-04 09:38:58,388 [WARN] PackLoader:240 - Cannot read IP mode file for STMicroelectronics.X-CUBE-NFC7.2.0.0
2026-06-04 09:38:58,395 [WARN] PackLoader:240 - Cannot read IP mode file for STMicroelectronics.X-CUBE-ALS.1.0.2
2026-06-04 09:38:58,403 [WARN] PackLoader:240 - Cannot read IP mode file for STMicroelectronics.X-CUBE-TOF1.3.4.3
2026-06-04 09:38:58,409 [INFO] ThirdParty:978 - Integrity check success = true
2026-06-04 09:38:58,409 [INFO] IntegrityCheckThread:100 - exiting critical section [integrity check]
2026-06-04 09:38:58,409 [INFO] IntegrityCheckThread:103 - End integrity checks thread
2026-06-04 09:38:58,592 [INFO] WebApp:225 - Starting web application
2026-06-04 09:38:58,592 [INFO] WebApp:593 - Web application path used D:\My_user\STM32CubeIDE_1.19.0\STM32CubeIDE\plugins\com.st.stm32cube.common.mx_6.15.0.202507011659\db\plugins\mcufinder\reactClient1\index.html
2026-06-04 09:38:58,951 [INFO] WebApp:191 - Connection restablished
2026-06-04 09:47:46,965 [INFO] WebApp:194 - Connection lost
2026-06-04 09:47:47,670 [INFO] WebApp:191 - Connection restablished
2026-06-04 09:47:49,135 [INFO] WebApp:194 - Connection lost
2026-06-04 09:47:49,330 [INFO] WebApp:191 - Connection restablished
2026-06-04 10:47:49,891 [INFO] WebApp:194 - Connection lost
2026-06-04 10:47:50,508 [INFO] WebApp:191 - Connection restablished
2026-06-04 11:47:50,767 [INFO] WebApp:194 - Connection lost
2026-06-04 11:47:51,282 [INFO] WebApp:191 - Connection restablished
2026-06-04 12:47:52,314 [INFO] WebApp:194 - Connection lost
2026-06-04 12:47:52,794 [INFO] WebApp:191 - Connection restablished
2026-06-04 13:57:18,726 [INFO] WebApp:194 - Connection lost
2026-06-04 13:57:19,320 [INFO] WebApp:191 - Connection restablished
2026-06-04 14:15:21,566 [ERROR] LogOutputStream:75 - [STDERR_REDIRECT] 
2026-06-04 18:35:10,973 [INFO] Activator:176 - 


2026-06-04 18:35:10,975 [INFO] Activator:177 - !SESSION log4j initialized
2026-06-04 18:35:16,587 [INFO] LogOutputStream:77 - [STDOUT_REDIRECT] 
2026-06-04 18:35:18,773 [INFO] ApplicationProperties:184 - Using Application install path: D:\My_user\STM32CubeIDE_1.19.0\STM32CubeIDE\plugins\com.st.stm32cube.common.mx_6.15.0.202507011659
2026-06-04 18:35:18,794 [INFO] DbMcusXml:78 - Set database path to: D:\My_user\STM32CubeIDE_1.19.0\STM32CubeIDE\plugins\com.st.stm32cube.common.mx_6.15.0.202507011659\\db\/mcu/
2026-06-04 18:35:18,795 [INFO] ApiDb:274 - Set plugin database path to: D:\My_user\STM32CubeIDE_1.19.0\STM32CubeIDE\plugins\com.st.stm32cube.common.mx_6.15.0.202507011659\\db\/plugins/boardmanager/
2026-06-04 18:35:18,796 [WARN] ApiDb:259 - Overriding images path with different value:  => D:\My_user\STM32CubeIDE_1.19.0\STM32CubeIDE\plugins\com.st.stm32cube.common.mx_6.15.0.202507011659\\db\/plugins/mcufinder/images/
2026-06-04 18:35:18,807 [INFO] ApiDb:250 - Set database path to: C:\Users\User\.stmcufinder\plugins\mcufinder//mcu/
2026-06-04 18:35:18,809 [INFO] DbMcusAds:125 - Set database path to: C:\Users\User\.stmcufinder\plugins\mcufinder//mcu/
2026-06-04 18:35:18,812 [INFO] CrossReferenceDbSqlite:203 - Set database path to: C:\Users\User\.stmcufinder\plugins\mcufinder//mcu/cs/
2026-06-04 18:35:18,967 [INFO] RulesReader:64 - Compatibility file has been processed (317 Rules)
2026-06-04 18:35:19,161 [INFO] DbMcusXml:78 - Set database path to: D:\My_user\STM32CubeIDE_1.19.0\STM32CubeIDE\plugins\com.st.stm32cube.common.mx_6.15.0.202507011659\\db\/mcu/
2026-06-04 18:35:19,162 [INFO] ApiDb:274 - Set plugin database path to: D:\My_user\STM32CubeIDE_1.19.0\STM32CubeIDE\plugins\com.st.stm32cube.common.mx_6.15.0.202507011659\\db\/plugins/boardmanager/
2026-06-04 18:35:19,162 [INFO] ApiDb:261 - Set plugin images path to: D:\My_user\STM32CubeIDE_1.19.0\STM32CubeIDE\plugins\com.st.stm32cube.common.mx_6.15.0.202507011659\\db\/plugins/mcufinder/images/
2026-06-04 18:35:19,163 [WARN] DbFile:41 - Overriding database path with different value: C:\Users\User\.stmcufinder\plugins\mcufinder/ => C:\Users\User\.stmcufinder\plugins\mcufinder
2026-06-04 18:35:19,163 [INFO] ApiDb:250 - Set database path to: C:\Users\User\.stmcufinder\plugins\mcufinder//mcu/
2026-06-04 18:35:19,163 [WARN] DbFile:41 - Overriding database path with different value: C:\Users\User\.stmcufinder\plugins\mcufinder/ => C:\Users\User\.stmcufinder\plugins\mcufinder
2026-06-04 18:35:19,163 [INFO] DbMcusAds:125 - Set database path to: C:\Users\User\.stmcufinder\plugins\mcufinder//mcu/
2026-06-04 18:35:19,163 [WARN] DbFile:41 - Overriding database path with different value: C:\Users\User\.stmcufinder\plugins\mcufinder/ => C:\Users\User\.stmcufinder\plugins\mcufinder
2026-06-04 18:35:19,163 [WARN] DbFile:41 - Overriding database path with different value: C:\Users\User\.stmcufinder\plugins\mcufinder/ => C:\Users\User\.stmcufinder\plugins\mcufinder
2026-06-04 18:35:19,163 [INFO] CrossReferenceDbSqlite:203 - Set database path to: C:\Users\User\.stmcufinder\plugins\mcufinder//mcu/cs/
2026-06-04 18:35:19,246 [INFO] MainPanel:274 - HeapMemory: 268435456
2026-06-04 18:35:19,366 [INFO] DbMcusXml:78 - Set database path to: D:\My_user\STM32CubeIDE_1.19.0\STM32CubeIDE\plugins\com.st.stm32cube.common.mx_6.15.0.202507011659\\db\/mcu/
2026-06-04 18:35:19,366 [INFO] ApiDb:274 - Set plugin database path to: D:\My_user\STM32CubeIDE_1.19.0\STM32CubeIDE\plugins\com.st.stm32cube.common.mx_6.15.0.202507011659\\db\/plugins/boardmanager/
2026-06-04 18:35:19,366 [INFO] ApiDb:261 - Set plugin images path to: D:\My_user\STM32CubeIDE_1.19.0\STM32CubeIDE\plugins\com.st.stm32cube.common.mx_6.15.0.202507011659\\db\/plugins/mcufinder/images/
2026-06-04 18:35:19,366 [WARN] DbFile:41 - Overriding database path with different value: C:\Users\User\.stmcufinder\plugins\mcufinder/ => C:\Users\User\.stmcufinder\plugins\mcufinder
2026-06-04 18:35:19,367 [INFO] ApiDb:250 - Set database path to: C:\Users\User\.stmcufinder\plugins\mcufinder//mcu/
2026-06-04 18:35:19,367 [WARN] DbFile:41 - Overriding database path with different value: C:\Users\User\.stmcufinder\plugins\mcufinder/ => C:\Users\User\.stmcufinder\plugins\mcufinder
2026-06-04 18:35:19,367 [INFO] DbMcusAds:125 - Set database path to: C:\Users\User\.stmcufinder\plugins\mcufinder//mcu/
2026-06-04 18:35:19,367 [WARN] DbFile:41 - Overriding database path with different value: C:\Users\User\.stmcufinder\plugins\mcufinder/ => C:\Users\User\.stmcufinder\plugins\mcufinder
2026-06-04 18:35:19,367 [WARN] DbFile:41 - Overriding database path with different value: C:\Users\User\.stmcufinder\plugins\mcufinder/ => C:\Users\User\.stmcufinder\plugins\mcufinder
2026-06-04 18:35:19,367 [INFO] CrossReferenceDbSqlite:203 - Set database path to: C:\Users\User\.stmcufinder\plugins\mcufinder//mcu/cs/
2026-06-04 18:35:19,387 [INFO] ApplicationProperties:184 - Using Application install path: D:\My_user\STM32CubeIDE_1.19.0\STM32CubeIDE\plugins\com.st.stm32cube.common.mx_6.15.0.202507011659
2026-06-04 18:35:19,389 [INFO] PluginManage:196 - Search for loadable plugins [exclusion list=, ]
2026-06-04 18:35:19,391 [INFO] PluginManage:310 - Check plugin analytics
2026-06-04 18:35:19,594 [INFO] AnalyticsPlugin:253 - Accepted Software Licenses: 
2026-06-04 18:35:19,595 [INFO] AnalyticsPlugin:255 - Accepted CMSIS Pack Licenses: 
2026-06-04 18:35:19,595 [INFO] AnalyticsPlugin:257 - Accepted Firmware Licenses: FW.L4.1.18.0
2026-06-04 18:35:19,598 [INFO] PluginManage:359 - Loaded plugin analytics (category:tool,tabindex:-1)
2026-06-04 18:35:19,599 [INFO] PluginManage:310 - Check plugin cadmodel
2026-06-04 18:35:19,607 [INFO] CADModel:105 - Init CAD model plugin
2026-06-04 18:35:19,607 [INFO] PluginManage:359 - Loaded plugin cadmodel (category:power,tabindex:5)
2026-06-04 18:35:19,607 [INFO] PluginManage:310 - Check plugin clock
2026-06-04 18:35:19,619 [INFO] PluginManage:359 - Loaded plugin clock (category:base,tabindex:2)
2026-06-04 18:35:19,619 [INFO] PluginManage:310 - Check plugin ddr
2026-06-04 18:35:19,622 [INFO] PluginManage:359 - Loaded plugin ddr (category:tool,tabindex:6)
2026-06-04 18:35:19,622 [INFO] PluginManage:310 - Check plugin filemanager
2026-06-04 18:35:19,772 [INFO] PluginManage:359 - Loaded plugin filemanager (category:base,tabindex:10)
2026-06-04 18:35:19,772 [INFO] PluginManage:310 - Check plugin ipmanager
2026-06-04 18:35:19,780 [INFO] PluginManage:359 - Loaded plugin ipmanager (category:base,tabindex:5)
2026-06-04 18:35:19,780 [INFO] PluginManage:310 - Check plugin lpbam
2026-06-04 18:35:19,792 [INFO] PluginManage:359 - Loaded plugin lpbam (category:base,tabindex:0)
2026-06-04 18:35:19,792 [INFO] PluginManage:310 - Check plugin memorymap
2026-06-04 18:35:19,807 [INFO] PluginManage:359 - Loaded plugin memorymap (category:base,tabindex:4)
2026-06-04 18:35:19,807 [INFO] PluginManage:310 - Check plugin pinoutandconfiguration
2026-06-04 18:35:19,818 [INFO] PluginManage:359 - Loaded plugin pinoutandconfiguration (category:base,tabindex:1)
2026-06-04 18:35:19,819 [INFO] PluginManage:310 - Check plugin pinoutconfig
2026-06-04 18:35:19,931 [WARN] SupportedApi:132 - Cannot load RTOS API schema: s4s-elt-must-match.1: The content of 'definitions' must match (annotation?, (simpleType | complexType)?, (unique | key | keyref)*)). A problem was found starting at: attribute.
2026-06-04 18:35:20,084 [INFO] PluginManage:359 - Loaded plugin pinoutconfig (category:base,tabindex:0)
2026-06-04 18:35:20,084 [INFO] PluginManage:310 - Check plugin power
2026-06-04 18:35:20,098 [INFO] PluginManage:359 - Loaded plugin power (category:power,tabindex:4)
2026-06-04 18:35:20,098 [INFO] PluginManage:310 - Check plugin projectmanager
2026-06-04 18:35:20,112 [INFO] PluginManage:359 - Loaded plugin projectmanager (category:projectmanager,tabindex:4)
2026-06-04 18:35:20,112 [INFO] PluginManage:310 - Check plugin rif
2026-06-04 18:35:20,122 [INFO] PluginManage:359 - Loaded plugin rif (category:base,tabindex:3)
2026-06-04 18:35:20,123 [INFO] PluginManage:310 - Check plugin thirdparty
2026-06-04 18:35:20,247 [INFO] PluginManage:359 - Loaded plugin thirdparty (category:base,tabindex:-1)
2026-06-04 18:35:20,247 [WARN] IntegrityCheckThread:84 - waiting for thirdparty lock release [integrity check]
2026-06-04 18:35:20,247 [INFO] PluginManage:310 - Check plugin tools
2026-06-04 18:35:20,247 [INFO] IntegrityCheckThread:86 - entering critical section [integrity check]
2026-06-04 18:35:20,248 [INFO] ThirdPartyUpdaterWithRetryManager:70 - Updater plugin not ready yet. [1/15]
2026-06-04 18:35:20,249 [INFO] PluginManage:359 - Loaded plugin tools (category:base,tabindex:7)
2026-06-04 18:35:20,250 [INFO] PluginManage:310 - Check plugin tutovideos
2026-06-04 18:35:20,472 [INFO] PluginManage:359 - Loaded plugin tutovideos (category:base,tabindex:-1)
2026-06-04 18:35:20,472 [INFO] PluginManage:310 - Check plugin updater
2026-06-04 18:35:20,496 [INFO] PluginManage:359 - Loaded plugin updater (category:base,tabindex:12)
2026-06-04 18:35:20,497 [INFO] PluginManage:310 - Check plugin userauth
2026-06-04 18:35:20,505 [INFO] UserAuth:118 - Init User Auth plugin
2026-06-04 18:35:20,507 [INFO] PluginManage:359 - Loaded plugin userauth (category:base,tabindex:14)
2026-06-04 18:35:20,508 [INFO] PluginManage:283 - PluginManage : Loaded plugins [18]
2026-06-04 18:35:20,910 [INFO] PinOutPanel:1589 - setPackage(No Configuration,No Configuration)
2026-06-04 18:35:20,999 [INFO] CADModel:165 - CPN selected for project level
2026-06-04 18:35:21,000 [INFO] CADModel:114 - Register for checkConnection events
2026-06-04 18:35:21,017 [INFO] IPUIPlugin:80 - create IPUIPlugin
2026-06-04 18:35:21,017 [INFO] PluginManager:220 - loadIPPluginJar : add adc
2026-06-04 18:35:21,019 [INFO] IPUIPlugin:80 - create IPUIPlugin
2026-06-04 18:35:21,019 [INFO] PluginManager:220 - loadIPPluginJar : add aes
2026-06-04 18:35:21,022 [INFO] IPUIPlugin:80 - create IPUIPlugin
2026-06-04 18:35:21,022 [INFO] PluginManager:220 - loadIPPluginJar : add can
2026-06-04 18:35:21,024 [INFO] IPUIPlugin:80 - create IPUIPlugin
2026-06-04 18:35:21,024 [INFO] PluginManager:220 - loadIPPluginJar : add comp
2026-06-04 18:35:21,026 [INFO] IPUIPlugin:80 - create IPUIPlugin
2026-06-04 18:35:21,026 [INFO] PluginManager:220 - loadIPPluginJar : add cryp
2026-06-04 18:35:21,029 [INFO] IPUIPlugin:80 - create IPUIPlugin
2026-06-04 18:35:21,030 [INFO] PluginManager:220 - loadIPPluginJar : add ddr_ctrl_phy
2026-06-04 18:35:21,033 [INFO] IPUIPlugin:80 - create IPUIPlugin
2026-06-04 18:35:21,033 [INFO] PluginManager:220 - loadIPPluginJar : add dfsdm
2026-06-04 18:35:21,039 [INFO] IPUIPlugin:80 - create IPUIPlugin
2026-06-04 18:35:21,039 [INFO] PluginManager:220 - loadIPPluginJar : add dma
2026-06-04 18:35:21,041 [INFO] IPUIPlugin:80 - create IPUIPlugin
2026-06-04 18:35:21,041 [INFO] PluginManager:220 - loadIPPluginJar : add dma3
2026-06-04 18:35:21,043 [INFO] IPUIPlugin:80 - create IPUIPlugin
2026-06-04 18:35:21,043 [INFO] PluginManager:220 - loadIPPluginJar : add extmemmanager
2026-06-04 18:35:21,046 [INFO] IPUIPlugin:80 - create IPUIPlugin
2026-06-04 18:35:21,046 [INFO] PluginManager:220 - loadIPPluginJar : add fatfs
2026-06-04 18:35:21,053 [INFO] IPUIPlugin:80 - create IPUIPlugin
2026-06-04 18:35:21,054 [INFO] PluginManager:220 - loadIPPluginJar : add fmc
2026-06-04 18:35:21,060 [INFO] IPUIPlugin:80 - create IPUIPlugin
2026-06-04 18:35:21,060 [INFO] PluginManager:220 - loadIPPluginJar : add freertos
2026-06-04 18:35:21,062 [INFO] IPUIPlugin:80 - create IPUIPlugin
2026-06-04 18:35:21,063 [INFO] PluginManager:220 - loadIPPluginJar : add genericplugin
2026-06-04 18:35:21,065 [INFO] IPUIPlugin:80 - create IPUIPlugin
2026-06-04 18:35:21,066 [INFO] PluginManager:220 - loadIPPluginJar : add gfxmmu
2026-06-04 18:35:21,070 [INFO] IPUIPlugin:80 - create IPUIPlugin
2026-06-04 18:35:21,071 [INFO] PluginManager:220 - loadIPPluginJar : add gic
2026-06-04 18:35:21,074 [INFO] IPUIPlugin:80 - create IPUIPlugin
2026-06-04 18:35:21,075 [INFO] PluginManager:220 - loadIPPluginJar : add gpio
2026-06-04 18:35:21,076 [INFO] IPUIPlugin:80 - create IPUIPlugin
2026-06-04 18:35:21,078 [INFO] PluginManager:220 - loadIPPluginJar : add gtzc
2026-06-04 18:35:21,082 [INFO] IPUIPlugin:80 - create IPUIPlugin
2026-06-04 18:35:21,083 [INFO] PluginManager:220 - loadIPPluginJar : add hash
2026-06-04 18:35:21,086 [INFO] IPUIPlugin:80 - create IPUIPlugin
2026-06-04 18:35:21,086 [INFO] PluginManager:220 - loadIPPluginJar : add i2c
2026-06-04 18:35:21,090 [INFO] IPUIPlugin:80 - create IPUIPlugin
2026-06-04 18:35:21,090 [INFO] PluginManager:220 - loadIPPluginJar : add i2s
2026-06-04 18:35:21,093 [INFO] IPUIPlugin:80 - create IPUIPlugin
2026-06-04 18:35:21,093 [INFO] PluginManager:220 - loadIPPluginJar : add i3c
2026-06-04 18:35:21,098 [INFO] IPUIPlugin:80 - create IPUIPlugin
2026-06-04 18:35:21,099 [INFO] PluginManager:220 - loadIPPluginJar : add ipddr
2026-06-04 18:35:21,108 [INFO] IPUIPlugin:80 - create IPUIPlugin
2026-06-04 18:35:21,108 [INFO] PluginManager:220 - loadIPPluginJar : add linkedlist
2026-06-04 18:35:21,113 [INFO] IPUIPlugin:80 - create IPUIPlugin
2026-06-04 18:35:21,114 [INFO] PluginManager:220 - loadIPPluginJar : add lorawan
2026-06-04 18:35:21,116 [INFO] IPUIPlugin:80 - create IPUIPlugin
2026-06-04 18:35:21,117 [INFO] PluginManager:220 - loadIPPluginJar : add ltdc
2026-06-04 18:35:21,123 [INFO] IPUIPlugin:80 - create IPUIPlugin
2026-06-04 18:35:21,123 [INFO] PluginManager:220 - loadIPPluginJar : add mdma
2026-06-04 18:35:21,127 [INFO] IPUIPlugin:80 - create IPUIPlugin
2026-06-04 18:35:21,127 [INFO] PluginManager:220 - loadIPPluginJar : add nvic
2026-06-04 18:35:21,131 [INFO] IPUIPlugin:80 - create IPUIPlugin
2026-06-04 18:35:21,132 [INFO] PluginManager:220 - loadIPPluginJar : add opamp
2026-06-04 18:35:21,135 [INFO] IPUIPlugin:80 - create IPUIPlugin
2026-06-04 18:35:21,135 [INFO] PluginManager:220 - loadIPPluginJar : add openamp
2026-06-04 18:35:21,140 [INFO] IPUIPlugin:80 - create IPUIPlugin
2026-06-04 18:35:21,140 [INFO] PluginManager:220 - loadIPPluginJar : add pdm2pcm
2026-06-04 18:35:21,147 [INFO] IPUIPlugin:80 - create IPUIPlugin
2026-06-04 18:35:21,150 [INFO] PluginManager:220 - loadIPPluginJar : add plateformsettings
2026-06-04 18:35:21,152 [INFO] IPUIPlugin:80 - create IPUIPlugin
2026-06-04 18:35:21,152 [INFO] PluginManager:220 - loadIPPluginJar : add quadspi
2026-06-04 18:35:21,154 [INFO] IPUIPlugin:80 - create IPUIPlugin
2026-06-04 18:35:21,155 [INFO] PluginManager:220 - loadIPPluginJar : add radio
2026-06-04 18:35:21,160 [INFO] IPUIPlugin:80 - create IPUIPlugin
2026-06-04 18:35:21,160 [INFO] PluginManager:220 - loadIPPluginJar : add resmgrutility
2026-06-04 18:35:21,166 [INFO] IPUIPlugin:80 - create IPUIPlugin
2026-06-04 18:35:21,166 [INFO] PluginManager:220 - loadIPPluginJar : add sai
2026-06-04 18:35:21,168 [INFO] IPUIPlugin:80 - create IPUIPlugin
2026-06-04 18:35:21,168 [INFO] PluginManager:220 - loadIPPluginJar : add spi
2026-06-04 18:35:21,176 [INFO] IPUIPlugin:80 - create IPUIPlugin
2026-06-04 18:35:21,176 [INFO] PluginManager:220 - loadIPPluginJar : add stm32_wpan
2026-06-04 18:35:21,181 [INFO] IPUIPlugin:80 - create IPUIPlugin
2026-06-04 18:35:21,181 [INFO] PluginManager:220 - loadIPPluginJar : add tim
2026-06-04 18:35:21,184 [INFO] IPUIPlugin:80 - create IPUIPlugin
2026-06-04 18:35:21,185 [INFO] PluginManager:220 - loadIPPluginJar : add touchsensing
2026-06-04 18:35:21,187 [INFO] IPUIPlugin:80 - create IPUIPlugin
2026-06-04 18:35:21,188 [INFO] PluginManager:220 - loadIPPluginJar : add tracer_emb
2026-06-04 18:35:21,190 [INFO] IPUIPlugin:80 - create IPUIPlugin
2026-06-04 18:35:21,190 [INFO] PluginManager:220 - loadIPPluginJar : add ts
2026-06-04 18:35:21,193 [INFO] IPUIPlugin:80 - create IPUIPlugin
2026-06-04 18:35:21,193 [INFO] PluginManager:220 - loadIPPluginJar : add tsc
2026-06-04 18:35:21,196 [INFO] IPUIPlugin:80 - create IPUIPlugin
2026-06-04 18:35:21,196 [INFO] PluginManager:220 - loadIPPluginJar : add ucpd
2026-06-04 18:35:21,200 [INFO] IPUIPlugin:80 - create IPUIPlugin
2026-06-04 18:35:21,200 [INFO] PluginManager:220 - loadIPPluginJar : add usart
2026-06-04 18:35:21,212 [INFO] IPUIPlugin:80 - create IPUIPlugin
2026-06-04 18:35:21,213 [INFO] PluginManager:220 - loadIPPluginJar : add usbx
2026-06-04 18:35:21,386 [FATAL] Updater:351 - Updater called before beeing initialized
2026-06-04 18:35:21,412 [INFO] RulesReader:64 - Compatibility file has been processed (317 Rules)
2026-06-04 18:35:21,422 [INFO] RulesReader:64 - Compatibility file has been processed (317 Rules)
2026-06-04 18:35:21,434 [INFO] CADModel:165 - CPN selected for project level
2026-06-04 18:35:21,434 [INFO] CADModel:114 - Register for checkConnection events
2026-06-04 18:35:21,434 [FATAL] Updater:351 - Updater called before beeing initialized
2026-06-04 18:35:21,434 [ERROR] CADModel:125 - Updater not yet initialized, retry later 
2026-06-04 18:35:21,586 [FATAL] Updater:351 - Updater called before beeing initialized
2026-06-04 18:35:21,588 [INFO] CADModel:165 - CPN selected for project level
2026-06-04 18:35:21,589 [INFO] CADModel:114 - Register for checkConnection events
2026-06-04 18:35:21,589 [FATAL] Updater:351 - Updater called before beeing initialized
2026-06-04 18:35:21,589 [ERROR] CADModel:125 - Updater not yet initialized, retry later 
2026-06-04 18:35:21,593 [FATAL] Updater:351 - Updater called before beeing initialized
2026-06-04 18:35:21,698 [FATAL] Updater:351 - Updater called before beeing initialized
2026-06-04 18:35:21,702 [INFO] DbMcusAds:53 - JSON generation date=Thu May 28 21:38:17 IST 2026 (1779984497073)
2026-06-04 18:35:21,702 [FATAL] Updater:351 - Updater called before beeing initialized
2026-06-04 18:35:21,734 [WARN] DetailPanel:346 - Failed to get advertising image, set to default
2026-06-04 18:35:21,825 [FATAL] Updater:351 - Updater called before beeing initialized
2026-06-04 18:35:21,828 [FATAL] Updater:351 - Updater called before beeing initialized
2026-06-04 18:35:21,828 [FATAL] Updater:351 - Updater called before beeing initialized
2026-06-04 18:35:21,828 [WARN] DetailPanel:346 - Failed to get advertising image, set to default
2026-06-04 18:35:21,829 [FATAL] Updater:351 - Updater called before beeing initialized
2026-06-04 18:35:21,872 [ERROR] Updater:1198 - MainUpdater not yet initialized. External WinMGr cannot be set.
2026-06-04 18:35:21,875 [INFO] Updater:1134 - Updater Version found : 6.15.0
2026-06-04 18:35:21,892 [INFO] ApplicationProperties:184 - Using Application install path: D:\My_user\STM32CubeIDE_1.19.0\STM32CubeIDE\plugins\com.st.stm32cube.common.mx_6.15.0.202507011659
2026-06-04 18:35:22,323 [INFO] MainUpdater:2872 - connection check result : 10
2026-06-04 18:35:22,324 [INFO] MainUpdater:289 - Updater Check For Update Now.
2026-06-04 18:35:22,324 [INFO] MicroXplorer:498 - Change Database Version : DB.6.0.150
2026-06-04 18:35:22,335 [INFO] McuFinderGlobals:63 - Set McuFinder mode to 2 (CubeIDE integrated)
2026-06-04 18:35:22,336 [INFO] UserAuth:171 - activating auth plugin
2026-06-04 18:35:22,340 [INFO] UserAuth:487 - Internet connection configuration mode: 1
2026-06-04 18:35:22,378 [INFO] JxBrowserEngine:152 - Initiate JxBrowser Engine with user profile folder
2026-06-04 18:35:22,521 [INFO] CheckServerUpdateThread:120 - End of CheckServer Thread
2026-06-04 18:35:23,576 [INFO] WebApp:169 - Instantiating new browser for Auth
2026-06-04 18:35:23,776 [WARN] PackLoader:240 - Cannot read IP mode file for STMicroelectronics.X-CUBE-AZRTOS-H7.3.5.0
2026-06-04 18:35:23,815 [WARN] PackLoader:240 - Cannot read IP mode file for STMicroelectronics.FP-ATR-ASTRA1.2.0.2
2026-06-04 18:35:23,835 [ERROR] Engine:466 - C:\Users\User\.stm32cubemx\thirdparties\pdsc\STMicroelectronics.X-CUBE-SMBUS.2.1.1.pdsc: PDSC version is not supported
2026-06-04 18:35:23,846 [WARN] PackLoader:240 - Cannot read IP mode file for STMicroelectronics.X-CUBE-SMBUS.2.1.0
2026-06-04 18:35:23,893 [WARN] PackLoader:240 - Cannot read IP mode file for STMicroelectronics.X-CUBE-AZRTOS-F7.1.1.0
2026-06-04 18:35:23,910 [WARN] PackLoader:240 - Cannot read IP mode file for STMicroelectronics.FP-SNS-MOTENV1.5.1.0
2026-06-04 18:35:23,927 [WARN] PackLoader:240 - Cannot read IP mode file for WES.I-CUBE-Cesium.1.4.0
2026-06-04 18:35:23,953 [WARN] PackLoader:240 - Cannot read IP mode file for STMicroelectronics.X-CUBE-DISPLAY.3.0.0
2026-06-04 18:35:23,989 [WARN] PackLoader:240 - Cannot read IP mode file for STMicroelectronics.X-CUBE-GNSS1.7.1.1
2026-06-04 18:35:23,999 [WARN] PackLoader:240 - Cannot read IP mode file for STMicroelectronics.FP-SNS-MOTENVWB1.1.5.0
2026-06-04 18:35:24,011 [WARN] PackLoader:240 - Cannot read IP mode file for wolfSSL.I-CUBE-wolfSSL.5.9.1
2026-06-04 18:35:24,023 [WARN] PackLoader:240 - Cannot read IP mode file for STMicroelectronics.X-CUBE-NFC10.1.0.0
2026-06-04 18:35:24,037 [WARN] PackLoader:240 - Cannot read IP mode file for STMicroelectronics.X-CUBE-ST60.1.1.0
2026-06-04 18:35:24,059 [WARN] PackLoader:240 - Cannot read IP mode file for emotas.I-CUBE-CANOPEN.1.3.0
2026-06-04 18:35:24,073 [WARN] PackLoader:240 - Cannot read IP mode file for STMicroelectronics.FP-SNS-STBOX1.2.1.0
2026-06-04 18:35:24,083 [WARN] PackLoader:240 - Cannot read IP mode file for STMicroelectronics.FP-SNS-SMARTAG2.1.2.0
2026-06-04 18:35:24,090 [WARN] PackLoader:240 - Cannot read IP mode file for STMicroelectronics.FP-SNS-FLIGHT1.5.1.0
2026-06-04 18:35:24,105 [INFO] LogOutputStream:77 - [STDOUT_REDIRECT] 1 : Invalid condition id : UX_CORESTACK_Condition cause : null
2026-06-04 18:35:24,106 [INFO] LogOutputStream:77 - [STDOUT_REDIRECT] 1 : Invalid condition id : UX_CORESTACK_Condition cause : null
2026-06-04 18:35:24,107 [INFO] LogOutputStream:77 - [STDOUT_REDIRECT] 1 : Invalid condition id : UX_CORESTACK_Condition cause : null
2026-06-04 18:35:24,108 [INFO] LogOutputStream:77 - [STDOUT_REDIRECT] 1 : Invalid condition id : UX_CORESTACK_Condition cause : null
2026-06-04 18:35:24,109 [INFO] LogOutputStream:77 - [STDOUT_REDIRECT] 1 : Invalid condition id : UX_CORESTACK_Condition cause : null
2026-06-04 18:35:24,112 [WARN] PackLoader:240 - Cannot read IP mode file for STMicroelectronics.X-CUBE-AZRTOS-WL.2.0.0
2026-06-04 18:35:24,137 [WARN] PackLoader:240 - Cannot read IP mode file for STMicroelectronics.X-CUBE-AZRTOS-H7RS.1.2.0
2026-06-04 18:35:24,147 [WARN] PackLoader:240 - Cannot read IP mode file for STMicroelectronics.X-CUBE-BLE2.3.3.0
2026-06-04 18:35:24,203 [WARN] PackLoader:240 - Cannot read IP mode file for Infineon.AIROC-Wi-Fi-Bluetooth-STM32.1.8.0
2026-06-04 18:35:24,224 [WARN] PackLoader:240 - Cannot read IP mode file for STMicroelectronics.X-CUBE-NFC9.1.0.0
2026-06-04 18:35:24,236 [WARN] PackLoader:240 - Cannot read IP mode file for STMicroelectronics.X-CUBE-BLE1.7.1.0
2026-06-04 18:35:24,244 [WARN] PackLoader:240 - Cannot read IP mode file for wolfSSL.I-CUBE-wolfMQTT.1.19.2
2026-06-04 18:35:24,255 [WARN] PackLoader:240 - Cannot read IP mode file for STMicroelectronics.X-CUBE-EEPRMA1.5.2.0
2026-06-04 18:35:24,267 [WARN] PackLoader:240 - Cannot read IP mode file for STMicroelectronics.FP-SNS-STAIOTCFT.1.1.0
2026-06-04 18:35:24,284 [WARN] PackLoader:240 - Cannot read IP mode file for STMicroelectronics.X-CUBE-AZRTOS-G0.1.1.0
2026-06-04 18:35:24,297 [WARN] PackLoader:240 - Cannot read IP mode file for STMicroelectronics.X-CUBE-NFC4.3.0.0
2026-06-04 18:35:24,315 [WARN] PackLoader:240 - Cannot read IP mode file for EmbeddedOffice.I-CUBE-FS-RTOS.1.0.1
2026-06-04 18:35:24,327 [WARN] PackLoader:240 - Cannot read IP mode file for wolfSSL.I-CUBE-wolfTPM.3.8.0
2026-06-04 18:35:24,338 [WARN] PackLoader:240 - Cannot read IP mode file for STMicroelectronics.X-CUBE-TCPP.4.2.0
2026-06-04 18:35:24,352 [WARN] PackLoader:240 - Cannot read IP mode file for RealThread.X-CUBE-RT-Thread_Nano.4.1.1
2026-06-04 18:35:24,365 [WARN] PackLoader:240 - Cannot read IP mode file for STMicroelectronics.FP-ATR-SIGFOX1.3.2.0
2026-06-04 18:35:24,376 [WARN] PackLoader:240 - Cannot read IP mode file for STMicroelectronics.X-CUBE-FREERTOS.1.5.0
2026-06-04 18:35:24,391 [WARN] PackLoader:240 - Cannot read IP mode file for ITTIA_DB.I-CUBE-ITTIADB.8.9.0
2026-06-04 18:35:24,401 [WARN] PackLoader:240 - Cannot read IP mode file for Cesanta.I-CUBE-Mongoose.7.21.7
2026-06-04 18:35:24,413 [WARN] PackLoader:240 - Cannot read IP mode file for STMicroelectronics.X-CUBE-NFC6.3.2.0
2026-06-04 18:35:24,425 [WARN] PackLoader:240 - Cannot read IP mode file for STMicroelectronics.X-CUBE-AI.10.2.0
2026-06-04 18:35:24,505 [WARN] PackLoader:240 - Cannot read IP mode file for STMicroelectronics.X-CUBE-MEMS1.12.1.0
2026-06-04 18:35:24,734 [WARN] PackLoader:240 - Cannot read IP mode file for SEGGER.I-CUBE-embOS.1.3.1
2026-06-04 18:35:24,796 [WARN] PackLoader:240 - Cannot read IP mode file for STMicroelectronics.X-CUBE-ALGOBUILD.1.4.0
2026-06-04 18:35:24,805 [WARN] PackLoader:240 - Cannot read IP mode file for STMicroelectronics.X-CUBE-PM33A1.1.0.0
2026-06-04 18:35:24,826 [WARN] PackLoader:240 - Cannot read IP mode file for STMicroelectronics.X-CUBE-AZRTOS-F4.1.1.0
2026-06-04 18:35:24,837 [WARN] PackLoader:240 - Cannot read IP mode file for STMicroelectronics.X-CUBE-ISPU.2.1.0
2026-06-04 18:35:24,865 [WARN] PackLoader:240 - Cannot read IP mode file for STMicroelectronics.X-CUBE-IPS.3.2.0
2026-06-04 18:35:24,874 [WARN] PackLoader:240 - Cannot read IP mode file for STMicroelectronics.eDS-WB_DPC_TT-BIDIR.2.1.1
2026-06-04 18:35:24,884 [WARN] PackLoader:240 - Cannot read IP mode file for STMicroelectronics.X-CUBE-NFC12.1.0.0
2026-06-04 18:35:24,897 [WARN] PackLoader:240 - Cannot read IP mode file for STMicroelectronics.X-CUBE-AZRTOS-L5.2.0.0
2026-06-04 18:35:24,907 [WARN] PackLoader:240 - Cannot read IP mode file for STMicroelectronics.X-CUBE-ALGOBUILD.1.5.0
2026-06-04 18:35:24,915 [WARN] PackLoader:240 - Cannot read IP mode file for STMicroelectronics.eDS-WB_DPC_VIENNA.1.2.0
2026-06-04 18:35:24,922 [WARN] PackLoader:240 - Cannot read IP mode file for STMicroelectronics.eDS-WB_DPC_3PH2L-BIDIR.1.1.1
2026-06-04 18:35:24,925 [ERROR] Engine:466 - C:\Users\User\.stm32cubemx\thirdparties\pdsc\STMicroelectronics.X-CUBE-ST67W61.1.3.0.pdsc: PDSC version is not supported
2026-06-04 18:35:24,933 [WARN] PackLoader:240 - Cannot read IP mode file for STMicroelectronics.X-CUBE-TOUCHGFX.4.26.1
2026-06-04 18:35:24,941 [WARN] PackLoader:240 - Cannot read IP mode file for STMicroelectronics.X-CUBE-DPower.1.3.0
2026-06-04 18:35:24,957 [WARN] ConditionMgr:438 - getConditionDescription Invalid condition id : LAN8742 Phy interface Condition cause : null
2026-06-04 18:35:24,958 [WARN] PackLoader:240 - Cannot read IP mode file for STMicroelectronics.X-CUBE-AZRTOS-L4.2.0.0
2026-06-04 18:35:24,959 [WARN] ConditionMgr:1044 - genDependencies : Invalid condition id : LAN8742 Phy interface Condition cause : null
2026-06-04 18:35:24,960 [WARN] ConditionMgr:1044 - genDependencies : Invalid condition id : LAN8742 Phy interface Condition cause : null
2026-06-04 18:35:24,960 [WARN] ConditionMgr:1044 - genDependencies : Invalid condition id : LAN8742 Phy interface Condition cause : null
2026-06-04 18:35:24,971 [WARN] PackLoader:240 - Cannot read IP mode file for STMicroelectronics.X-CUBE-SFXS2LP1.4.0.0
2026-06-04 18:35:24,979 [WARN] PackLoader:240 - Cannot read IP mode file for STMicroelectronics.X-CUBE-WB05N.2.1.0
2026-06-04 18:35:24,987 [WARN] PackLoader:240 - Cannot read IP mode file for STMicroelectronics.X-CUBE-BLEMGR.4.1.0
2026-06-04 18:35:25,001 [WARN] ConditionMgr:438 - getConditionDescription Invalid condition id : UX DEVICE CLASS RTOS Condition cause : null
2026-06-04 18:35:25,001 [WARN] ConditionMgr:438 - getConditionDescription Invalid condition id : UX DEVICE CLASS RTOS Condition cause : null
2026-06-04 18:35:25,002 [WARN] PackLoader:240 - Cannot read IP mode file for STMicroelectronics.X-CUBE-AZRTOS-WB.2.0.0
2026-06-04 18:35:25,003 [WARN] ConditionMgr:1044 - genDependencies : Invalid condition id : UX DEVICE CLASS RTOS Condition cause : null
2026-06-04 18:35:25,003 [WARN] ConditionMgr:1044 - genDependencies : Invalid condition id : UX DEVICE CLASS RTOS Condition cause : null
2026-06-04 18:35:25,004 [WARN] ConditionMgr:1044 - genDependencies : Invalid condition id : UX DEVICE CLASS RTOS Condition cause : null
2026-06-04 18:35:25,004 [WARN] ConditionMgr:1044 - genDependencies : Invalid condition id : UX DEVICE CLASS RTOS Condition cause : null
2026-06-04 18:35:25,004 [WARN] ConditionMgr:1044 - genDependencies : Invalid condition id : UX DEVICE CLASS RTOS Condition cause : null
2026-06-04 18:35:25,015 [WARN] ConditionMgr:438 - getConditionDescription Invalid condition id : Cortex-A Device cause : null
2026-06-04 18:35:25,029 [WARN] ConditionMgr:1044 - genDependencies : Invalid condition id : Cortex-A Device cause : null
2026-06-04 18:35:25,030 [WARN] ConditionMgr:1044 - genDependencies : Invalid condition id : Cortex-A Device cause : null
2026-06-04 18:35:25,030 [WARN] ConditionMgr:1044 - genDependencies : Invalid condition id : Cortex-A Device cause : null
2026-06-04 18:35:25,035 [WARN] PackLoader:240 - Cannot read IP mode file for STMicroelectronics.X-CUBE-STSE01.2.0.0
2026-06-04 18:35:25,049 [WARN] PackLoader:240 - Cannot read IP mode file for STMicroelectronics.X-CUBE-SUBG2.5.0.0
2026-06-04 18:35:25,117 [WARN] PackLoader:240 - Cannot read IP mode file for STMicroelectronics.X-CUBE-AZRTOS-G4.2.0.0
2026-06-04 18:35:25,138 [WARN] PackLoader:240 - Cannot read IP mode file for wolfSSL.I-CUBE-wolfSSH.1.4.20
2026-06-04 18:35:25,150 [WARN] PackLoader:240 - Cannot read IP mode file for STMicroelectronics.X-CUBE-NFC7.2.0.0
2026-06-04 18:35:25,158 [WARN] PackLoader:240 - Cannot read IP mode file for STMicroelectronics.X-CUBE-ALS.1.0.2
2026-06-04 18:35:25,175 [WARN] PackLoader:240 - Cannot read IP mode file for STMicroelectronics.X-CUBE-TOF1.3.4.3
2026-06-04 18:35:25,206 [INFO] ThirdParty:978 - Integrity check success = true
2026-06-04 18:35:25,206 [INFO] IntegrityCheckThread:100 - exiting critical section [integrity check]
2026-06-04 18:35:25,207 [INFO] IntegrityCheckThread:103 - End integrity checks thread
2026-06-04 18:35:25,423 [INFO] WebApp:463 - Apply proxy settings
2026-06-04 18:35:25,424 [INFO] WebApp:548 - Chromium requires no authentication
2026-06-04 18:35:25,439 [INFO] WebApp:491 - Direct internet connection detected
2026-06-04 18:35:25,476 [INFO] WebApp:900 - Register for checkConnection events
2026-06-04 18:35:25,476 [INFO] WebApp:463 - Apply proxy settings
2026-06-04 18:35:25,476 [INFO] WebApp:548 - Chromium requires no authentication
2026-06-04 18:35:25,477 [INFO] WebApp:491 - Direct internet connection detected
2026-06-04 18:35:25,725 [INFO] WebApp:225 - Starting web application
2026-06-04 18:35:25,725 [INFO] WebApp:593 - Web application path used D:\My_user\STM32CubeIDE_1.19.0\STM32CubeIDE\plugins\com.st.stm32cube.common.mx_6.15.0.202507011659\db\plugins\mcufinder\reactClient1\index.html
2026-06-04 18:35:25,976 [INFO] WebApp:191 - Connection restablished
2026-06-04 19:33:39,901 [INFO] WebApp:194 - Connection lost
2026-06-04 19:33:40,984 [INFO] WebApp:191 - Connection restablished
2026-06-04 20:33:40,598 [INFO] WebApp:194 - Connection lost
2026-06-04 20:33:41,069 [INFO] WebApp:191 - Connection restablished
2026-06-04 20:33:43,842 [INFO] WebApp:194 - Connection lost
2026-06-04 20:33:44,020 [INFO] WebApp:191 - Connection restablished
2026-06-04 21:00:26,210 [ERROR] LogOutputStream:75 - [STDERR_REDIRECT] 
